[20:13:59,977][WARNING][main][G] Ignite work directory is not provided, automatically resolved to: C:\Users\jagad\source\repos\ApacheIgniteSql\ApacheIgniteSql\bin\Debug\netcoreapp3.1\ignite\work
[20:14:00,417][INFO][main][IgniteKernal] 

>>>    __________  ________________  
>>>   /  _/ ___/ |/ /  _/_  __/ __/  
>>>  _/ // (7 7    // /  / / / _/    
>>> /___/\___/_/|_/___/ /_/ /___/   
>>> 
>>> ver. 2.8.0#20200226-sha1:341b01df
>>> 2020 Copyright(C) Apache Software Foundation
>>> 
>>> Ignite documentation: http://ignite.apache.org

[20:14:00,421][INFO][main][IgniteKernal] Config URL: n/a
[20:14:00,457][INFO][main][IgniteKernal] IgniteConfiguration [igniteInstanceName=null, pubPoolSize=12, svcPoolSize=12, callbackPoolSize=12, stripedPoolSize=12, sysPoolSize=12, mgmtPoolSize=4, igfsPoolSize=12, dataStreamerPoolSize=12, utilityCachePoolSize=12, utilityCacheKeepAliveTime=60000, p2pPoolSize=2, qryPoolSize=12, sqlQryHistSize=1000, dfltQryTimeout=0, igniteHome=null, igniteWorkDir=C:\Users\jagad\source\repos\ApacheIgniteSql\ApacheIgniteSql\bin\Debug\netcoreapp3.1\ignite\work, mbeanSrv=com.sun.jmx.mbeanserver.JmxMBeanServer@3b088d51, nodeId=33df4801-d525-4891-b08b-91dfd9058543, marsh=BinaryMarshaller [], marshLocJobs=false, daemon=false, p2pEnabled=false, netTimeout=5000, netCompressionLevel=1, sndRetryDelay=1000, sndRetryCnt=3, metricsHistSize=10000, metricsUpdateFreq=2000, metricsExpTime=9223372036854775807, discoSpi=TcpDiscoverySpi [addrRslvr=null, sockTimeout=0, ackTimeout=0, marsh=null, reconCnt=10, reconDelay=2000, maxAckTimeout=600000, soLinger=5, forceSrvMode=false, clientReconnectDisabled=false, internalLsnr=null, skipAddrsRandomization=false], segPlc=STOP, segResolveAttempts=2, waitForSegOnStart=true, allResolversPassReq=true, segChkFreq=10000, commSpi=TcpCommunicationSpi [connectGate=null, connPlc=org.apache.ignite.spi.communication.tcp.TcpCommunicationSpi$FirstConnectionPolicy@f8c1ddd, chConnPlc=null, enableForcibleNodeKill=false, enableTroubleshootingLog=false, locAddr=null, locHost=null, locPort=47100, locPortRange=100, shmemPort=-1, directBuf=true, directSndBuf=false, idleConnTimeout=600000, connTimeout=5000, maxConnTimeout=600000, reconCnt=10, sockSndBuf=32768, sockRcvBuf=32768, msgQueueLimit=0, slowClientQueueLimit=0, nioSrvr=null, shmemSrv=null, usePairedConnections=false, connectionsPerNode=1, tcpNoDelay=true, filterReachableAddresses=false, ackSndThreshold=32, unackedMsgsBufSize=0, sockWriteTimeout=2000, boundTcpPort=-1, boundTcpShmemPort=-1, selectorsCnt=6, selectorSpins=0, addrRslvr=null, ctxInitLatch=java.util.concurrent.CountDownLatch@70be0a2b[Count = 1], stopping=false, metricsLsnr=null], evtSpi=org.apache.ignite.spi.eventstorage.NoopEventStorageSpi@2133814f, colSpi=NoopCollisionSpi [], deploySpi=LocalDeploymentSpi [], indexingSpi=org.apache.ignite.spi.indexing.noop.NoopIndexingSpi@60704c, addrRslvr=null, encryptionSpi=org.apache.ignite.spi.encryption.noop.NoopEncryptionSpi@6b19b79, clientMode=false, rebalanceThreadPoolSize=4, rebalanceTimeout=10000, rebalanceBatchesPrefetchCnt=3, rebalanceThrottle=0, rebalanceBatchSize=524288, txCfg=TransactionConfiguration [txSerEnabled=false, dfltIsolation=REPEATABLE_READ, dfltConcurrency=PESSIMISTIC, dfltTxTimeout=0, txTimeoutOnPartitionMapExchange=0, deadlockTimeout=10000, pessimisticTxLogSize=0, pessimisticTxLogLinger=10000, tmLookupClsName=null, txManagerFactory=null, useJtaSync=false], cacheSanityCheckEnabled=true, discoStartupDelay=60000, deployMode=SHARED, p2pMissedCacheSize=100, locHost=null, timeSrvPortBase=31100, timeSrvPortRange=100, failureDetectionTimeout=10000, sysWorkerBlockedTimeout=null, clientFailureDetectionTimeout=30000, metricsLogFreq=60000, hadoopCfg=null, connectorCfg=ConnectorConfiguration [jettyPath=null, host=null, port=11211, noDelay=true, directBuf=false, sndBufSize=32768, rcvBufSize=32768, idleQryCurTimeout=600000, idleQryCurCheckFreq=60000, sndQueueLimit=0, selectorCnt=4, idleTimeout=7000, sslEnabled=false, sslClientAuth=false, sslCtxFactory=null, sslFactory=null, portRange=100, threadPoolSize=12, msgInterceptor=null], odbcCfg=null, warmupClos=null, atomicCfg=AtomicConfiguration [seqReserveSize=1000, cacheMode=PARTITIONED, backups=1, aff=null, grpName=null], classLdr=null, sslCtxFactory=null, platformCfg=PlatformDotNetConfiguration [binaryCfg=null], binaryCfg=BinaryConfiguration [idMapper=null, nameMapper=null, serializer=null, compactFooter=true], memCfg=null, pstCfg=null, dsCfg=DataStorageConfiguration [sysRegionInitSize=41943040, sysRegionMaxSize=104857600, pageSize=0, concLvl=0, dfltDataRegConf=DataRegionConfiguration [name=default, maxSize=3401800908, initSize=268435456, swapPath=null, pageEvictionMode=DISABLED, evictionThreshold=0.9, emptyPagesPoolSize=100, metricsEnabled=false, metricsSubIntervalCount=5, metricsRateTimeInterval=60000, persistenceEnabled=false, checkpointPageBufSize=0, lazyMemoryAllocation=true], dataRegions=null, storagePath=null, checkpointFreq=180000, lockWaitTime=10000, checkpointThreads=4, checkpointWriteOrder=SEQUENTIAL, walHistSize=20, maxWalArchiveSize=1073741824, walSegments=10, walSegmentSize=67108864, walPath=db/wal, walArchivePath=db/wal/archive, metricsEnabled=false, walMode=LOG_ONLY, walTlbSize=131072, walBuffSize=0, walFlushFreq=2000, walFsyncDelay=1000, walRecordIterBuffSize=67108864, alwaysWriteFullPages=false, fileIOFactory=org.apache.ignite.internal.processors.cache.persistence.file.AsyncFileIOFactory@65d6b83b, metricsSubIntervalCnt=5, metricsRateTimeInterval=60000, walAutoArchiveAfterInactivity=-1, writeThrottlingEnabled=false, walCompactionEnabled=false, walCompactionLevel=1, checkpointReadLockTimeout=null, walPageCompression=DISABLED, walPageCompressionLevel=null], activeOnStart=true, autoActivation=true, longQryWarnTimeout=3000, sqlConnCfg=null, cliConnCfg=ClientConnectorConfiguration [host=null, port=10800, portRange=100, sockSndBufSize=0, sockRcvBufSize=0, tcpNoDelay=true, maxOpenCursorsPerConn=128, threadPoolSize=12, idleTimeout=0, handshakeTimeout=10000, jdbcEnabled=true, odbcEnabled=true, thinCliEnabled=true, sslEnabled=false, useIgniteSslCtxFactory=true, sslClientAuth=false, sslCtxFactory=null, thinCliCfg=ThinClientConfiguration [maxActiveTxPerConn=100]], mvccVacuumThreadCnt=2, mvccVacuumFreq=5000, authEnabled=false, failureHnd=null, commFailureRslvr=null]
[20:14:00,490][INFO][main][IgniteKernal] Daemon mode: off
[20:14:00,494][INFO][main][IgniteKernal] OS: Windows 10 10.0 amd64
[20:14:00,495][INFO][main][IgniteKernal] OS user: jagadeesh
[20:14:00,515][INFO][main][IgniteKernal] PID: 5656
[20:14:00,516][INFO][main][IgniteKernal] Language runtime: Java Platform API Specification ver. 1.8
[20:14:00,518][INFO][main][IgniteKernal] VM information: Java(TM) SE Runtime Environment 1.8.0_141-b15 Oracle Corporation Java HotSpot(TM) 64-Bit Server VM 25.141-b15
[20:14:00,525][INFO][main][IgniteKernal] VM total memory: 3.5GB
[20:14:00,527][INFO][main][IgniteKernal] Remote Management [restart: off, REST: on, JMX (remote: off)]
[20:14:00,529][INFO][main][IgniteKernal] Logger: JavaLogger [quiet=false, config=null]
[20:14:00,531][INFO][main][IgniteKernal] IGNITE_HOME=null
[20:14:00,532][INFO][main][IgniteKernal] VM arguments: [-Dfile.encoding=UTF-8, -Djava.util.logging.config.file=C:\Users\jagad\source\repos\ApacheIgniteSql\ApacheIgniteSql\bin\Debug\netcoreapp3.1\config\java.util.logging.properties]
[20:14:00,534][INFO][main][IgniteKernal] System cache's DataRegion size is configured to 40 MB. Use DataStorageConfiguration.systemRegionInitialSize property to change the setting.
[20:14:00,535][INFO][main][IgniteKernal] Configured caches [in 'sysMemPlc' dataRegion: ['ignite-sys-cache']]
[20:14:00,536][WARNING][main][IgniteKernal] Please set system property '-Djava.net.preferIPv4Stack=true' to avoid possible problems in mixed environments.
[20:14:00,546][WARNING][pub-#27][GridDiagnostic] This operating system has been tested less rigorously: Windows 10 10.0 amd64. Our team will appreciate the feedback if you experience any problems running ignite in this environment.
[20:14:00,559][WARNING][pub-#30][GridDiagnostic] Initial heap size is 254MB (should be no less than 512MB, use -Xms512m -Xmx512m).
[20:14:00,822][INFO][main][IgnitePluginProcessor] Configured plugins:
[20:14:00,824][INFO][main][IgnitePluginProcessor]   ^-- None
[20:14:00,827][INFO][main][IgnitePluginProcessor] 
[20:14:00,847][INFO][main][FailureProcessor] Configured failure handler: [hnd=StopNodeOrHaltFailureHandler [tryStop=false, timeout=0, super=AbstractFailureHandler [ignoredFailureTypes=UnmodifiableSet [SYSTEM_WORKER_BLOCKED, SYSTEM_CRITICAL_OPERATION_TIMEOUT]]]]
[20:14:01,022][INFO][main][TcpCommunicationSpi] Successfully bound communication NIO server to TCP port [port=47100, locHost=0.0.0.0/0.0.0.0, selectorsCnt=6, selectorSpins=0, pairedConn=false]
[20:14:01,415][WARNING][main][TcpCommunicationSpi] Message queue limit is set to 0 which may lead to potential OOMEs when running cache operations in FULL_ASYNC or PRIMARY_SYNC modes due to message queues growth on sender and receiver sides.
[20:14:01,470][WARNING][main][NoopCheckpointSpi] Checkpoints are disabled (to enable configure any GridCheckpointSpi implementation)
[20:14:01,546][WARNING][main][GridCollisionManager] Collision resolution is disabled (all jobs will be activated upon arrival).
[20:14:01,555][INFO][main][IgniteKernal] Security status [authentication=off, tls/ssl=off]
[20:14:01,924][INFO][main][TcpDiscoverySpi] Successfully bound to TCP port [port=47500, localHost=0.0.0.0/0.0.0.0, locNodeId=33df4801-d525-4891-b08b-91dfd9058543]
[20:14:02,030][WARNING][main][IgniteCacheDatabaseSharedManager] DataRegionConfiguration.maxWalArchiveSize instead DataRegionConfiguration.walHistorySize would be used for removing old archive wal files
[20:14:02,073][INFO][main][IgniteCacheDatabaseSharedManager] Configured data regions initialized successfully [total=3]
[20:14:02,104][INFO][main][PartitionsEvictManager] Evict partition permits=3
[20:14:02,295][WARNING][main][IgniteH2Indexing] Serialization of Java objects in H2 was enabled.
[20:14:02,650][INFO][main][ClientListenerProcessor] Client connector processor has started on TCP port 10800
[20:14:02,755][INFO][main][GridTcpRestProtocol] Command protocol successfully started [name=TCP binary, host=0.0.0.0/0.0.0.0, port=11211]
[20:14:02,842][WARNING][main][PlatformProcessorImpl] Marshaller is automatically set to o.a.i.i.binary.BinaryMarshaller (other nodes must have the same marshaller type).
[20:14:04,299][INFO][main][IgniteKernal] Non-loopback local IPs: 192.168.43.208, 2409:4070:2e10:c71e:b478:2885:5de4:b9d6, 2409:4070:2e10:c71e:d0c9:e796:3e72:5113, fe80:0:0:0:68d9:8bf6:f227:3fc8%wlan2, fe80:0:0:0:85be:9152:52bb:46e1%eth1, fe80:0:0:0:95bb:de70:b07d:2cfa%wlan1, fe80:0:0:0:b478:2885:5de4:b9d6%wlan0
[20:14:04,307][INFO][main][IgniteKernal] Enabled local MACs: 9828A647FEC5, A0510BCF9E50, A0510BCF9E51, A2510BCF9E50
[20:14:04,365][INFO][main][TcpDiscoverySpi] Connection check threshold is calculated: 10000
[20:14:04,373][WARNING][main][TcpDiscoveryMulticastIpFinder] TcpDiscoveryMulticastIpFinder has no pre-configured addresses (it is recommended in production to specify at least one address in TcpDiscoveryMulticastIpFinder.getAddresses() configuration property)
[20:14:09,931][INFO][disco-notifier-worker-#51][GridClusterStateProcessor] Received activate request with BaselineTopology[id=0]
[20:14:09,941][INFO][disco-notifier-worker-#51][GridClusterStateProcessor] Started state transition: true
[20:14:09,943][INFO][disco-notifier-worker-#51][GridClusterStateProcessor] Received state change finish message: true
[20:14:09,946][INFO][disco-notifier-worker-#51][MvccProcessorImpl] Assigned mvcc coordinator [crd=MvccCoordinator [topVer=AffinityTopologyVersion [topVer=1, minorTopVer=0], nodeId=33df4801-d525-4891-b08b-91dfd9058543, ver=1587134649904, local=true, initialized=false]]
[20:14:09,987][INFO][disco-notifier-worker-#51][DistributedBaselineConfiguration] Baseline parameter 'baselineAutoAdjustEnabled' was changed from 'null' to 'true'
[20:14:09,992][INFO][disco-notifier-worker-#51][DistributedBaselineConfiguration] Baseline parameter 'baselineAutoAdjustTimeout' was changed from 'null' to '0'
[20:14:10,034][INFO][exchange-worker-#53][time] Started exchange init [topVer=AffinityTopologyVersion [topVer=1, minorTopVer=0], crd=true, evt=NODE_JOINED, evtNode=33df4801-d525-4891-b08b-91dfd9058543, customEvt=null, allowMerge=false, exchangeFreeSwitch=false]
[20:14:10,079][INFO][exchange-worker-#53][IgniteCacheDatabaseSharedManager] Configured data regions started successfully [total=3]
[20:14:10,080][INFO][exchange-worker-#53][msg] Components activation performed in 34 ms.
[20:14:10,333][INFO][exchange-worker-#53][GridCacheProcessor] Started cache [name=ignite-sys-cache, id=-2100569601, dataRegionName=sysMemPlc, mode=REPLICATED, atomicity=TRANSACTIONAL, backups=2147483647, mvcc=false]
[20:14:10,335][INFO][exchange-worker-#53][GridCacheProcessor] Starting caches on local join performed in 246 ms.
[20:14:10,370][INFO][exchange-worker-#53][GridDhtPartitionsExchangeFuture] Skipped waiting for partitions release future (local node is joining) [topVer=AffinityTopologyVersion [topVer=1, minorTopVer=0]]
[20:14:10,509][INFO][exchange-worker-#53][GridDhtPartitionsExchangeFuture] finishExchangeOnCoordinator [topVer=AffinityTopologyVersion [topVer=1, minorTopVer=0], resVer=AffinityTopologyVersion [topVer=1, minorTopVer=0]]
[20:14:10,532][INFO][exchange-worker-#53][GridDhtPartitionsExchangeFuture] Finish exchange future [startVer=AffinityTopologyVersion [topVer=1, minorTopVer=0], resVer=AffinityTopologyVersion [topVer=1, minorTopVer=0], err=null, rebalanced=true, wasRebalanced=false]
[20:14:10,548][INFO][exchange-worker-#53][GridCacheProcessor] Finish proxy initialization, cacheName=ignite-sys-cache, localNodeId=33df4801-d525-4891-b08b-91dfd9058543
[20:14:10,549][INFO][exchange-worker-#53][GridDhtPartitionsExchangeFuture] Completed partition exchange [localNode=33df4801-d525-4891-b08b-91dfd9058543, exchange=GridDhtPartitionsExchangeFuture [topVer=AffinityTopologyVersion [topVer=1, minorTopVer=0], evt=NODE_JOINED, evtNode=TcpDiscoveryNode [id=33df4801-d525-4891-b08b-91dfd9058543, consistentId=0:0:0:0:0:0:0:1,127.0.0.1,192.168.43.208,2409:4070:2e10:c71e:b478:2885:5de4:b9d6,2409:4070:2e10:c71e:d0c9:e796:3e72:5113:47500, addrs=ArrayList [0:0:0:0:0:0:0:1, 127.0.0.1, 192.168.43.208, 2409:4070:2e10:c71e:b478:2885:5de4:b9d6, 2409:4070:2e10:c71e:d0c9:e796:3e72:5113], sockAddrs=HashSet [/2409:4070:2e10:c71e:b478:2885:5de4:b9d6:47500, DESKTOP-PDE981F/192.168.43.208:47500, /0:0:0:0:0:0:0:1:47500, /127.0.0.1:47500, /2409:4070:2e10:c71e:d0c9:e796:3e72:5113:47500], discPort=47500, order=1, intOrder=1, lastExchangeTime=1587134644367, loc=true, ver=2.8.0#20200226-sha1:341b01df, isClient=false], done=true, newCrdFut=null], topVer=AffinityTopologyVersion [topVer=1, minorTopVer=0]]
[20:14:10,554][INFO][exchange-worker-#53][GridDhtPartitionsExchangeFuture] Exchange timings [startVer=AffinityTopologyVersion [topVer=1, minorTopVer=0], resVer=AffinityTopologyVersion [topVer=1, minorTopVer=0], stage="Waiting in exchange queue" (64 ms), stage="Exchange parameters initialization" (16 ms), stage="Components activation" (36 ms), stage="Determine exchange type" (286 ms), stage="Preloading notification" (1 ms), stage="WAL history reservation" (0 ms), stage="After states restored callback" (139 ms), stage="Waiting for all single messages" (0 ms), stage="Affinity recalculation (crd)" (0 ms), stage="Collect update counters and create affinity messages" (0 ms), stage="Validate partitions states" (2 ms), stage="Assign partitions states" (1 ms), stage="Apply update counters" (0 ms), stage="Full message preparing" (16 ms), stage="Full message sending" (0 ms), stage="State finish message sending" (0 ms), stage="Exchange done" (21 ms), stage="Total time" (582 ms)]
[20:14:10,560][INFO][exchange-worker-#53][GridDhtPartitionsExchangeFuture] Exchange longest local stages [startVer=AffinityTopologyVersion [topVer=1, minorTopVer=0], resVer=AffinityTopologyVersion [topVer=1, minorTopVer=0], stage="Coordinator affinity cache init [grp=ignite-sys-cache]" (265 ms) (parent=Determine exchange type), stage="First node affinity initialization (node join) [grp=ignite-sys-cache]" (13 ms) (parent=Determine exchange type)]
[20:14:10,562][INFO][exchange-worker-#53][time] Finished exchange init [topVer=AffinityTopologyVersion [topVer=1, minorTopVer=0], crd=true]
[20:14:10,576][INFO][exchange-worker-#53][GridCachePartitionExchangeManager] Skipping rebalancing (nothing scheduled) [top=AffinityTopologyVersion [topVer=1, minorTopVer=0], force=false, evt=NODE_JOINED, node=33df4801-d525-4891-b08b-91dfd9058543]
[20:14:10,687][INFO][main][IgniteKernal] Performance suggestions for grid  (fix if possible)
[20:14:10,688][INFO][main][IgniteKernal] To disable, set -DIGNITE_PERFORMANCE_SUGGESTIONS_DISABLED=true
[20:14:10,691][INFO][main][IgniteKernal]   ^-- Enable G1 Garbage Collector (add '-XX:+UseG1GC' to JVM options)
[20:14:10,693][INFO][main][IgniteKernal]   ^-- Specify JVM heap max size (add '-Xmx<size>[g|G|m|M|k|K]' to JVM options)
[20:14:10,694][INFO][main][IgniteKernal]   ^-- Set max direct memory size if getting 'OOME: Direct buffer memory' (add '-XX:MaxDirectMemorySize=<size>[g|G|m|M|k|K]' to JVM options)
[20:14:10,696][INFO][main][IgniteKernal]   ^-- Disable processing of calls to System.gc() (add '-XX:+DisableExplicitGC' to JVM options)
[20:14:10,697][INFO][main][IgniteKernal] Refer to this page for more performance suggestions: https://apacheignite.readme.io/docs/jvm-and-system-tuning
[20:14:10,703][INFO][main][IgniteKernal] 
[20:14:10,706][INFO][main][IgniteKernal] To start Console Management & Monitoring run ignitevisorcmd.{sh|bat}
[20:14:10,709][INFO][main][IgniteKernal] Data Regions Configured:
[20:14:10,720][INFO][main][IgniteKernal]   ^-- default [initSize=256.0 MiB, maxSize=3.2 GiB, persistence=false, lazyMemoryAllocation=true]
[20:14:10,723][INFO][main][IgniteKernal] 

>>> +----------------------------------------------------------------------+
>>> Ignite ver. 2.8.0#20200226-sha1:341b01dfd8abf2d9b01d468ad1bb26dfe84ac4f6
>>> +----------------------------------------------------------------------+
>>> OS name: Windows 10 10.0 amd64
>>> CPU(s): 12
>>> Heap: 3.5GB
>>> VM name: 5656@DESKTOP-PDE981F
>>> Local node [ID=33DF4801-D525-4891-B08B-91DFD9058543, order=1, clientMode=false]
>>> Local node addresses: [DESKTOP-PDE981F/0:0:0:0:0:0:0:1, DESKTOP-PDE981F/127.0.0.1, DESKTOP-PDE981F/192.168.43.208, /2409:4070:2e10:c71e:b478:2885:5de4:b9d6, /2409:4070:2e10:c71e:d0c9:e796:3e72:5113]
>>> Local ports: TCP:10800 TCP:11211 TCP:47100 UDP:47400 TCP:47500 

[20:14:10,738][INFO][main][GridDiscoveryManager] Topology snapshot [ver=1, locNode=33df4801, servers=1, clients=0, state=ACTIVE, CPUs=12, offheap=3.2GB, heap=3.5GB]
[20:14:10,739][INFO][main][GridDiscoveryManager]   ^-- Baseline [id=0, size=1, online=1, offline=0]
[20:14:10,748][INFO][main][G] Node started : [stage="Configure system pool" (137 ms),stage="Start managers" (1207 ms),stage="Configure binary metadata" (32 ms),stage="Start processors" (1262 ms),stage="Init metastore" (1418 ms),stage="Finish recovery" (0 ms),stage="Join topology" (5614 ms),stage="Await transition" (27 ms),stage="Await exchange" (771 ms),stage="Total time" (10468 ms)]
[20:14:10,779][WARNING][main][] GC server mode is not enabled, this could lead to less than optimal performance on multi-core machines (to enable see http://msdn.microsoft.com/en-us/library/ms229357(v=vs.110).aspx).
[20:14:10,781][INFO][main][PluginProcessor] Configured .NET plugins:
[20:14:10,784][INFO][main][PluginProcessor]   ^-- None
[20:14:10,835][INFO][exchange-worker-#53][time] Started exchange init [topVer=AffinityTopologyVersion [topVer=1, minorTopVer=1], crd=true, evt=DISCOVERY_CUSTOM_EVT, evtNode=33df4801-d525-4891-b08b-91dfd9058543, customEvt=DynamicCacheChangeBatch [id=506a8988171-7856f2e3-5f9a-4dbf-8b14-2c85b90ff219, reqs=ArrayList [DynamicCacheChangeRequest [cacheName=persons, hasCfg=true, nodeId=33df4801-d525-4891-b08b-91dfd9058543, clientStartOnly=false, stop=false, destroy=false, disabledAfterStartfalse]], exchangeActions=ExchangeActions [startCaches=[persons], stopCaches=null, startGrps=[persons], stopGrps=[], resetParts=null, stateChangeRequest=null], startCaches=false], allowMerge=false, exchangeFreeSwitch=false]
[20:14:10,921][INFO][exchange-worker-#53][GridCacheProcessor] Started cache [name=persons, id=-678441026, dataRegionName=default, mode=PARTITIONED, atomicity=ATOMIC, backups=0, mvcc=false]
[20:14:10,945][INFO][exchange-worker-#53][GridDhtPartitionsExchangeFuture] Finished waiting for partition release future [topVer=AffinityTopologyVersion [topVer=1, minorTopVer=1], waitTime=0ms, futInfo=NA, mode=DISTRIBUTED]
[20:14:10,950][INFO][exchange-worker-#53][GridDhtPartitionsExchangeFuture] Finished waiting for partitions release latch: ServerLatch [permits=0, pendingAcks=HashSet [], super=CompletableLatch [id=CompletableLatchUid [id=exchange, topVer=AffinityTopologyVersion [topVer=1, minorTopVer=1]]]]
[20:14:10,953][INFO][exchange-worker-#53][GridDhtPartitionsExchangeFuture] Finished waiting for partition release future [topVer=AffinityTopologyVersion [topVer=1, minorTopVer=1], waitTime=0ms, futInfo=NA, mode=LOCAL]
[20:14:11,069][INFO][exchange-worker-#53][GridDhtPartitionsExchangeFuture] finishExchangeOnCoordinator [topVer=AffinityTopologyVersion [topVer=1, minorTopVer=1], resVer=AffinityTopologyVersion [topVer=1, minorTopVer=1]]
[20:14:11,084][INFO][exchange-worker-#53][GridDhtPartitionsExchangeFuture] Finish exchange future [startVer=AffinityTopologyVersion [topVer=1, minorTopVer=1], resVer=AffinityTopologyVersion [topVer=1, minorTopVer=1], err=null, rebalanced=true, wasRebalanced=true]
[20:14:11,089][INFO][exchange-worker-#53][GridCacheProcessor] Finish proxy initialization, cacheName=persons, localNodeId=33df4801-d525-4891-b08b-91dfd9058543
[20:14:11,090][INFO][exchange-worker-#53][GridDhtPartitionsExchangeFuture] Completed partition exchange [localNode=33df4801-d525-4891-b08b-91dfd9058543, exchange=GridDhtPartitionsExchangeFuture [topVer=AffinityTopologyVersion [topVer=1, minorTopVer=1], evt=DISCOVERY_CUSTOM_EVT, evtNode=TcpDiscoveryNode [id=33df4801-d525-4891-b08b-91dfd9058543, consistentId=0:0:0:0:0:0:0:1,127.0.0.1,192.168.43.208,2409:4070:2e10:c71e:b478:2885:5de4:b9d6,2409:4070:2e10:c71e:d0c9:e796:3e72:5113:47500, addrs=ArrayList [0:0:0:0:0:0:0:1, 127.0.0.1, 192.168.43.208, 2409:4070:2e10:c71e:b478:2885:5de4:b9d6, 2409:4070:2e10:c71e:d0c9:e796:3e72:5113], sockAddrs=HashSet [/2409:4070:2e10:c71e:b478:2885:5de4:b9d6:47500, DESKTOP-PDE981F/192.168.43.208:47500, /0:0:0:0:0:0:0:1:47500, /127.0.0.1:47500, /2409:4070:2e10:c71e:d0c9:e796:3e72:5113:47500], discPort=47500, order=1, intOrder=1, lastExchangeTime=1587134644367, loc=true, ver=2.8.0#20200226-sha1:341b01df, isClient=false], done=true, newCrdFut=null], topVer=AffinityTopologyVersion [topVer=1, minorTopVer=1]]
[20:14:11,095][INFO][exchange-worker-#53][GridDhtPartitionsExchangeFuture] Exchange timings [startVer=AffinityTopologyVersion [topVer=1, minorTopVer=1], resVer=AffinityTopologyVersion [topVer=1, minorTopVer=1], stage="Waiting in exchange queue" (0 ms), stage="Exchange parameters initialization" (9 ms), stage="Update caches registry" (7 ms), stage="Start caches" (74 ms), stage="Affinity initialization on cache group start" (16 ms), stage="Determine exchange type" (0 ms), stage="Preloading notification" (0 ms), stage="WAL history reservation" (0 ms), stage="Wait partitions release" (5 ms), stage="Wait partitions release latch" (5 ms), stage="Wait partitions release" (1 ms), stage="After states restored callback" (113 ms), stage="Waiting for all single messages" (0 ms), stage="Affinity recalculation (crd)" (0 ms), stage="Collect update counters and create affinity messages" (0 ms), stage="Validate partitions states" (2 ms), stage="Assign partitions states" (1 ms), stage="Apply update counters" (1 ms), stage="Full message preparing" (9 ms), stage="Full message sending" (0 ms), stage="Exchange done" (11 ms), stage="Total time" (254 ms)]
[20:14:11,104][INFO][exchange-worker-#53][GridDhtPartitionsExchangeFuture] Exchange longest local stages [startVer=AffinityTopologyVersion [topVer=1, minorTopVer=1], resVer=AffinityTopologyVersion [topVer=1, minorTopVer=1], stage="Affinity initialization on cache group start [grp=persons]" (16 ms) (parent=Affinity initialization on cache group start)]
[20:14:11,106][INFO][exchange-worker-#53][time] Finished exchange init [topVer=AffinityTopologyVersion [topVer=1, minorTopVer=1], crd=true]
[20:14:11,114][INFO][exchange-worker-#53][GridCachePartitionExchangeManager] Skipping rebalancing (nothing scheduled) [top=AffinityTopologyVersion [topVer=1, minorTopVer=1], force=false, evt=DISCOVERY_CUSTOM_EVT, node=33df4801-d525-4891-b08b-91dfd9058543]
