[14:32:07,940][WARNING][main][G] Ignite work directory is not provided, automatically resolved to: C:\Users\jagad\source\repos\ApacheIgniteSqlJoins\ApacheIgniteSqlJoins\bin\Debug\netcoreapp3.1\ignite\work
[14:32:08,211][INFO][main][IgniteKernal] 

>>>    __________  ________________  
>>>   /  _/ ___/ |/ /  _/_  __/ __/  
>>>  _/ // (7 7    // /  / / / _/    
>>> /___/\___/_/|_/___/ /_/ /___/   
>>> 
>>> ver. 2.8.0#20200226-sha1:341b01df
>>> 2020 Copyright(C) Apache Software Foundation
>>> 
>>> Ignite documentation: http://ignite.apache.org

[14:32:08,213][INFO][main][IgniteKernal] Config URL: n/a
[14:32:08,249][INFO][main][IgniteKernal] IgniteConfiguration [igniteInstanceName=null, pubPoolSize=12, svcPoolSize=12, callbackPoolSize=12, stripedPoolSize=12, sysPoolSize=12, mgmtPoolSize=4, igfsPoolSize=12, dataStreamerPoolSize=12, utilityCachePoolSize=12, utilityCacheKeepAliveTime=60000, p2pPoolSize=2, qryPoolSize=12, sqlQryHistSize=1000, dfltQryTimeout=0, igniteHome=null, igniteWorkDir=C:\Users\jagad\source\repos\ApacheIgniteSqlJoins\ApacheIgniteSqlJoins\bin\Debug\netcoreapp3.1\ignite\work, mbeanSrv=com.sun.jmx.mbeanserver.JmxMBeanServer@3b088d51, nodeId=d00a1deb-82ef-4770-9959-7598bf8431ad, marsh=BinaryMarshaller [], marshLocJobs=false, daemon=false, p2pEnabled=false, netTimeout=5000, netCompressionLevel=1, sndRetryDelay=1000, sndRetryCnt=3, metricsHistSize=10000, metricsUpdateFreq=2000, metricsExpTime=9223372036854775807, discoSpi=TcpDiscoverySpi [addrRslvr=null, sockTimeout=0, ackTimeout=0, marsh=null, reconCnt=10, reconDelay=2000, maxAckTimeout=600000, soLinger=5, forceSrvMode=false, clientReconnectDisabled=false, internalLsnr=null, skipAddrsRandomization=false], segPlc=STOP, segResolveAttempts=2, waitForSegOnStart=true, allResolversPassReq=true, segChkFreq=10000, commSpi=TcpCommunicationSpi [connectGate=null, connPlc=org.apache.ignite.spi.communication.tcp.TcpCommunicationSpi$FirstConnectionPolicy@f8c1ddd, chConnPlc=null, enableForcibleNodeKill=false, enableTroubleshootingLog=false, locAddr=null, locHost=null, locPort=47100, locPortRange=100, shmemPort=-1, directBuf=true, directSndBuf=false, idleConnTimeout=600000, connTimeout=5000, maxConnTimeout=600000, reconCnt=10, sockSndBuf=32768, sockRcvBuf=32768, msgQueueLimit=0, slowClientQueueLimit=0, nioSrvr=null, shmemSrv=null, usePairedConnections=false, connectionsPerNode=1, tcpNoDelay=true, filterReachableAddresses=false, ackSndThreshold=32, unackedMsgsBufSize=0, sockWriteTimeout=2000, boundTcpPort=-1, boundTcpShmemPort=-1, selectorsCnt=6, selectorSpins=0, addrRslvr=null, ctxInitLatch=java.util.concurrent.CountDownLatch@70be0a2b[Count = 1], stopping=false, metricsLsnr=null], evtSpi=org.apache.ignite.spi.eventstorage.NoopEventStorageSpi@2133814f, colSpi=NoopCollisionSpi [], deploySpi=LocalDeploymentSpi [], indexingSpi=org.apache.ignite.spi.indexing.noop.NoopIndexingSpi@60704c, addrRslvr=null, encryptionSpi=org.apache.ignite.spi.encryption.noop.NoopEncryptionSpi@6b19b79, clientMode=false, rebalanceThreadPoolSize=4, rebalanceTimeout=10000, rebalanceBatchesPrefetchCnt=3, rebalanceThrottle=0, rebalanceBatchSize=524288, txCfg=TransactionConfiguration [txSerEnabled=false, dfltIsolation=REPEATABLE_READ, dfltConcurrency=PESSIMISTIC, dfltTxTimeout=0, txTimeoutOnPartitionMapExchange=0, deadlockTimeout=10000, pessimisticTxLogSize=0, pessimisticTxLogLinger=10000, tmLookupClsName=null, txManagerFactory=null, useJtaSync=false], cacheSanityCheckEnabled=true, discoStartupDelay=60000, deployMode=SHARED, p2pMissedCacheSize=100, locHost=null, timeSrvPortBase=31100, timeSrvPortRange=100, failureDetectionTimeout=10000, sysWorkerBlockedTimeout=null, clientFailureDetectionTimeout=30000, metricsLogFreq=60000, hadoopCfg=null, connectorCfg=ConnectorConfiguration [jettyPath=null, host=null, port=11211, noDelay=true, directBuf=false, sndBufSize=32768, rcvBufSize=32768, idleQryCurTimeout=600000, idleQryCurCheckFreq=60000, sndQueueLimit=0, selectorCnt=4, idleTimeout=7000, sslEnabled=false, sslClientAuth=false, sslCtxFactory=null, sslFactory=null, portRange=100, threadPoolSize=12, msgInterceptor=null], odbcCfg=null, warmupClos=null, atomicCfg=AtomicConfiguration [seqReserveSize=1000, cacheMode=PARTITIONED, backups=1, aff=null, grpName=null], classLdr=null, sslCtxFactory=null, platformCfg=PlatformDotNetConfiguration [binaryCfg=null], binaryCfg=BinaryConfiguration [idMapper=null, nameMapper=null, serializer=null, compactFooter=true], memCfg=null, pstCfg=null, dsCfg=DataStorageConfiguration [sysRegionInitSize=41943040, sysRegionMaxSize=104857600, pageSize=0, concLvl=0, dfltDataRegConf=DataRegionConfiguration [name=default, maxSize=3401800908, initSize=268435456, swapPath=null, pageEvictionMode=DISABLED, evictionThreshold=0.9, emptyPagesPoolSize=100, metricsEnabled=false, metricsSubIntervalCount=5, metricsRateTimeInterval=60000, persistenceEnabled=false, checkpointPageBufSize=0, lazyMemoryAllocation=true], dataRegions=null, storagePath=null, checkpointFreq=180000, lockWaitTime=10000, checkpointThreads=4, checkpointWriteOrder=SEQUENTIAL, walHistSize=20, maxWalArchiveSize=1073741824, walSegments=10, walSegmentSize=67108864, walPath=db/wal, walArchivePath=db/wal/archive, metricsEnabled=false, walMode=LOG_ONLY, walTlbSize=131072, walBuffSize=0, walFlushFreq=2000, walFsyncDelay=1000, walRecordIterBuffSize=67108864, alwaysWriteFullPages=false, fileIOFactory=org.apache.ignite.internal.processors.cache.persistence.file.AsyncFileIOFactory@65d6b83b, metricsSubIntervalCnt=5, metricsRateTimeInterval=60000, walAutoArchiveAfterInactivity=-1, writeThrottlingEnabled=false, walCompactionEnabled=false, walCompactionLevel=1, checkpointReadLockTimeout=null, walPageCompression=DISABLED, walPageCompressionLevel=null], activeOnStart=true, autoActivation=true, longQryWarnTimeout=3000, sqlConnCfg=null, cliConnCfg=ClientConnectorConfiguration [host=null, port=10800, portRange=100, sockSndBufSize=0, sockRcvBufSize=0, tcpNoDelay=true, maxOpenCursorsPerConn=128, threadPoolSize=12, idleTimeout=0, handshakeTimeout=10000, jdbcEnabled=true, odbcEnabled=true, thinCliEnabled=true, sslEnabled=false, useIgniteSslCtxFactory=true, sslClientAuth=false, sslCtxFactory=null, thinCliCfg=ThinClientConfiguration [maxActiveTxPerConn=100]], mvccVacuumThreadCnt=2, mvccVacuumFreq=5000, authEnabled=false, failureHnd=null, commFailureRslvr=null]
[14:32:08,266][INFO][main][IgniteKernal] Daemon mode: off
[14:32:08,267][INFO][main][IgniteKernal] OS: Windows 10 10.0 amd64
[14:32:08,267][INFO][main][IgniteKernal] OS user: jagadeesh
[14:32:08,280][INFO][main][IgniteKernal] PID: 7076
[14:32:08,281][INFO][main][IgniteKernal] Language runtime: Java Platform API Specification ver. 1.8
[14:32:08,281][INFO][main][IgniteKernal] VM information: Java(TM) SE Runtime Environment 1.8.0_141-b15 Oracle Corporation Java HotSpot(TM) 64-Bit Server VM 25.141-b15
[14:32:08,283][INFO][main][IgniteKernal] VM total memory: 3.5GB
[14:32:08,284][INFO][main][IgniteKernal] Remote Management [restart: off, REST: on, JMX (remote: off)]
[14:32:08,285][INFO][main][IgniteKernal] Logger: JavaLogger [quiet=false, config=null]
[14:32:08,287][INFO][main][IgniteKernal] IGNITE_HOME=null
[14:32:08,288][INFO][main][IgniteKernal] VM arguments: [-Dfile.encoding=UTF-8, -Djava.util.logging.config.file=C:\Users\jagad\source\repos\ApacheIgniteSqlJoins\ApacheIgniteSqlJoins\bin\Debug\netcoreapp3.1\config\java.util.logging.properties]
[14:32:08,289][INFO][main][IgniteKernal] System cache's DataRegion size is configured to 40 MB. Use DataStorageConfiguration.systemRegionInitialSize property to change the setting.
[14:32:08,290][INFO][main][IgniteKernal] Configured caches [in 'sysMemPlc' dataRegion: ['ignite-sys-cache']]
[14:32:08,292][WARNING][main][IgniteKernal] Please set system property '-Djava.net.preferIPv4Stack=true' to avoid possible problems in mixed environments.
[14:32:08,298][WARNING][pub-#27][GridDiagnostic] This operating system has been tested less rigorously: Windows 10 10.0 amd64. Our team will appreciate the feedback if you experience any problems running ignite in this environment.
[14:32:08,307][WARNING][pub-#30][GridDiagnostic] Initial heap size is 254MB (should be no less than 512MB, use -Xms512m -Xmx512m).
[14:32:08,514][INFO][main][IgnitePluginProcessor] Configured plugins:
[14:32:08,514][INFO][main][IgnitePluginProcessor]   ^-- None
[14:32:08,517][INFO][main][IgnitePluginProcessor] 
[14:32:08,523][INFO][main][FailureProcessor] Configured failure handler: [hnd=StopNodeOrHaltFailureHandler [tryStop=false, timeout=0, super=AbstractFailureHandler [ignoredFailureTypes=UnmodifiableSet [SYSTEM_WORKER_BLOCKED, SYSTEM_CRITICAL_OPERATION_TIMEOUT]]]]
[14:32:08,687][INFO][main][TcpCommunicationSpi] Successfully bound communication NIO server to TCP port [port=47100, locHost=0.0.0.0/0.0.0.0, selectorsCnt=6, selectorSpins=0, pairedConn=false]
[14:32:09,114][WARNING][main][TcpCommunicationSpi] Message queue limit is set to 0 which may lead to potential OOMEs when running cache operations in FULL_ASYNC or PRIMARY_SYNC modes due to message queues growth on sender and receiver sides.
[14:32:09,153][WARNING][main][NoopCheckpointSpi] Checkpoints are disabled (to enable configure any GridCheckpointSpi implementation)
[14:32:09,209][WARNING][main][GridCollisionManager] Collision resolution is disabled (all jobs will be activated upon arrival).
[14:32:09,219][INFO][main][IgniteKernal] Security status [authentication=off, tls/ssl=off]
[14:32:09,452][INFO][main][TcpDiscoverySpi] Successfully bound to TCP port [port=47500, localHost=0.0.0.0/0.0.0.0, locNodeId=d00a1deb-82ef-4770-9959-7598bf8431ad]
[14:32:09,487][WARNING][main][IgniteCacheDatabaseSharedManager] DataRegionConfiguration.maxWalArchiveSize instead DataRegionConfiguration.walHistorySize would be used for removing old archive wal files
[14:32:09,497][INFO][main][IgniteCacheDatabaseSharedManager] Configured data regions initialized successfully [total=3]
[14:32:09,512][INFO][main][PartitionsEvictManager] Evict partition permits=3
[14:32:09,605][WARNING][main][IgniteH2Indexing] Serialization of Java objects in H2 was enabled.
[14:32:09,790][INFO][main][ClientListenerProcessor] Client connector processor has started on TCP port 10800
[14:32:09,843][INFO][main][GridTcpRestProtocol] Command protocol successfully started [name=TCP binary, host=0.0.0.0/0.0.0.0, port=11211]
[14:32:09,874][WARNING][main][PlatformProcessorImpl] Marshaller is automatically set to o.a.i.i.binary.BinaryMarshaller (other nodes must have the same marshaller type).
[14:32:11,331][INFO][main][IgniteKernal] Non-loopback local IPs: 192.168.43.208, 2409:4070:69b:bc69:61ee:2e67:24ed:9af6, 2409:4070:69b:bc69:b478:2885:5de4:b9d6, fe80:0:0:0:68d9:8bf6:f227:3fc8%wlan2, fe80:0:0:0:85be:9152:52bb:46e1%eth1, fe80:0:0:0:95bb:de70:b07d:2cfa%wlan1, fe80:0:0:0:b478:2885:5de4:b9d6%wlan0
[14:32:11,333][INFO][main][IgniteKernal] Enabled local MACs: 9828A647FEC5, A0510BCF9E50, A0510BCF9E51, A2510BCF9E50
[14:32:11,371][INFO][main][TcpDiscoverySpi] Connection check threshold is calculated: 10000
[14:32:11,377][WARNING][main][TcpDiscoveryMulticastIpFinder] TcpDiscoveryMulticastIpFinder has no pre-configured addresses (it is recommended in production to specify at least one address in TcpDiscoveryMulticastIpFinder.getAddresses() configuration property)
[14:32:15,571][INFO][disco-notifier-worker-#51][GridClusterStateProcessor] Received activate request with BaselineTopology[id=0]
[14:32:15,584][INFO][disco-notifier-worker-#51][GridClusterStateProcessor] Started state transition: true
[14:32:15,589][INFO][disco-notifier-worker-#51][GridClusterStateProcessor] Received state change finish message: true
[14:32:15,594][INFO][disco-notifier-worker-#51][MvccProcessorImpl] Assigned mvcc coordinator [crd=MvccCoordinator [topVer=AffinityTopologyVersion [topVer=1, minorTopVer=0], nodeId=d00a1deb-82ef-4770-9959-7598bf8431ad, ver=1587459735529, local=true, initialized=false]]
[14:32:15,674][INFO][disco-notifier-worker-#51][DistributedBaselineConfiguration] Baseline parameter 'baselineAutoAdjustEnabled' was changed from 'null' to 'true'
[14:32:15,681][INFO][disco-notifier-worker-#51][DistributedBaselineConfiguration] Baseline parameter 'baselineAutoAdjustTimeout' was changed from 'null' to '0'
[14:32:15,720][INFO][exchange-worker-#53][time] Started exchange init [topVer=AffinityTopologyVersion [topVer=1, minorTopVer=0], crd=true, evt=NODE_JOINED, evtNode=d00a1deb-82ef-4770-9959-7598bf8431ad, customEvt=null, allowMerge=false, exchangeFreeSwitch=false]
[14:32:15,760][INFO][exchange-worker-#53][IgniteCacheDatabaseSharedManager] Configured data regions started successfully [total=3]
[14:32:15,762][INFO][exchange-worker-#53][msg] Components activation performed in 31 ms.
[14:32:15,951][INFO][exchange-worker-#53][GridCacheProcessor] Started cache [name=ignite-sys-cache, id=-2100569601, dataRegionName=sysMemPlc, mode=REPLICATED, atomicity=TRANSACTIONAL, backups=2147483647, mvcc=false]
[14:32:15,952][INFO][exchange-worker-#53][GridCacheProcessor] Starting caches on local join performed in 185 ms.
[14:32:15,976][INFO][exchange-worker-#53][GridDhtPartitionsExchangeFuture] Skipped waiting for partitions release future (local node is joining) [topVer=AffinityTopologyVersion [topVer=1, minorTopVer=0]]
[14:32:16,053][INFO][exchange-worker-#53][GridDhtPartitionsExchangeFuture] finishExchangeOnCoordinator [topVer=AffinityTopologyVersion [topVer=1, minorTopVer=0], resVer=AffinityTopologyVersion [topVer=1, minorTopVer=0]]
[14:32:16,071][INFO][exchange-worker-#53][GridDhtPartitionsExchangeFuture] Finish exchange future [startVer=AffinityTopologyVersion [topVer=1, minorTopVer=0], resVer=AffinityTopologyVersion [topVer=1, minorTopVer=0], err=null, rebalanced=true, wasRebalanced=false]
[14:32:16,082][INFO][exchange-worker-#53][GridCacheProcessor] Finish proxy initialization, cacheName=ignite-sys-cache, localNodeId=d00a1deb-82ef-4770-9959-7598bf8431ad
[14:32:16,083][INFO][exchange-worker-#53][GridDhtPartitionsExchangeFuture] Completed partition exchange [localNode=d00a1deb-82ef-4770-9959-7598bf8431ad, exchange=GridDhtPartitionsExchangeFuture [topVer=AffinityTopologyVersion [topVer=1, minorTopVer=0], evt=NODE_JOINED, evtNode=TcpDiscoveryNode [id=d00a1deb-82ef-4770-9959-7598bf8431ad, consistentId=0:0:0:0:0:0:0:1,127.0.0.1,192.168.43.208,2409:4070:69b:bc69:61ee:2e67:24ed:9af6,2409:4070:69b:bc69:b478:2885:5de4:b9d6:47500, addrs=ArrayList [0:0:0:0:0:0:0:1, 127.0.0.1, 192.168.43.208, 2409:4070:69b:bc69:61ee:2e67:24ed:9af6, 2409:4070:69b:bc69:b478:2885:5de4:b9d6], sockAddrs=HashSet [/2409:4070:69b:bc69:b478:2885:5de4:b9d6:47500, DESKTOP-PDE981F/192.168.43.208:47500, /0:0:0:0:0:0:0:1:47500, /127.0.0.1:47500, /2409:4070:69b:bc69:61ee:2e67:24ed:9af6:47500], discPort=47500, order=1, intOrder=1, lastExchangeTime=1587459731367, loc=true, ver=2.8.0#20200226-sha1:341b01df, isClient=false], done=true, newCrdFut=null], topVer=AffinityTopologyVersion [topVer=1, minorTopVer=0]]
[14:32:16,089][INFO][exchange-worker-#53][GridDhtPartitionsExchangeFuture] Exchange timings [startVer=AffinityTopologyVersion [topVer=1, minorTopVer=0], resVer=AffinityTopologyVersion [topVer=1, minorTopVer=0], stage="Waiting in exchange queue" (84 ms), stage="Exchange parameters initialization" (13 ms), stage="Components activation" (32 ms), stage="Determine exchange type" (211 ms), stage="Preloading notification" (0 ms), stage="WAL history reservation" (0 ms), stage="After states restored callback" (77 ms), stage="Waiting for all single messages" (0 ms), stage="Affinity recalculation (crd)" (0 ms), stage="Collect update counters and create affinity messages" (0 ms), stage="Validate partitions states" (2 ms), stage="Assign partitions states" (1 ms), stage="Apply update counters" (0 ms), stage="Full message preparing" (12 ms), stage="Full message sending" (0 ms), stage="State finish message sending" (0 ms), stage="Exchange done" (16 ms), stage="Total time" (448 ms)]
[14:32:16,091][INFO][exchange-worker-#53][GridDhtPartitionsExchangeFuture] Exchange longest local stages [startVer=AffinityTopologyVersion [topVer=1, minorTopVer=0], resVer=AffinityTopologyVersion [topVer=1, minorTopVer=0], stage="Coordinator affinity cache init [grp=ignite-sys-cache]" (198 ms) (parent=Determine exchange type), stage="First node affinity initialization (node join) [grp=ignite-sys-cache]" (7 ms) (parent=Determine exchange type)]
[14:32:16,096][INFO][exchange-worker-#53][time] Finished exchange init [topVer=AffinityTopologyVersion [topVer=1, minorTopVer=0], crd=true]
[14:32:16,102][INFO][exchange-worker-#53][GridCachePartitionExchangeManager] Skipping rebalancing (nothing scheduled) [top=AffinityTopologyVersion [topVer=1, minorTopVer=0], force=false, evt=NODE_JOINED, node=d00a1deb-82ef-4770-9959-7598bf8431ad]
[14:32:16,156][INFO][main][IgniteKernal] Performance suggestions for grid  (fix if possible)
[14:32:16,156][INFO][main][IgniteKernal] To disable, set -DIGNITE_PERFORMANCE_SUGGESTIONS_DISABLED=true
[14:32:16,158][INFO][main][IgniteKernal]   ^-- Enable G1 Garbage Collector (add '-XX:+UseG1GC' to JVM options)
[14:32:16,160][INFO][main][IgniteKernal]   ^-- Specify JVM heap max size (add '-Xmx<size>[g|G|m|M|k|K]' to JVM options)
[14:32:16,162][INFO][main][IgniteKernal]   ^-- Set max direct memory size if getting 'OOME: Direct buffer memory' (add '-XX:MaxDirectMemorySize=<size>[g|G|m|M|k|K]' to JVM options)
[14:32:16,163][INFO][main][IgniteKernal]   ^-- Disable processing of calls to System.gc() (add '-XX:+DisableExplicitGC' to JVM options)
[14:32:16,163][INFO][main][IgniteKernal] Refer to this page for more performance suggestions: https://apacheignite.readme.io/docs/jvm-and-system-tuning
[14:32:16,164][INFO][main][IgniteKernal] 
[14:32:16,165][INFO][main][IgniteKernal] To start Console Management & Monitoring run ignitevisorcmd.{sh|bat}
[14:32:16,166][INFO][main][IgniteKernal] Data Regions Configured:
[14:32:16,170][INFO][main][IgniteKernal]   ^-- default [initSize=256.0 MiB, maxSize=3.2 GiB, persistence=false, lazyMemoryAllocation=true]
[14:32:16,171][INFO][main][IgniteKernal] 

>>> +----------------------------------------------------------------------+
>>> Ignite ver. 2.8.0#20200226-sha1:341b01dfd8abf2d9b01d468ad1bb26dfe84ac4f6
>>> +----------------------------------------------------------------------+
>>> OS name: Windows 10 10.0 amd64
>>> CPU(s): 12
>>> Heap: 3.5GB
>>> VM name: 7076@DESKTOP-PDE981F
>>> Local node [ID=D00A1DEB-82EF-4770-9959-7598BF8431AD, order=1, clientMode=false]
>>> Local node addresses: [DESKTOP-PDE981F/0:0:0:0:0:0:0:1, DESKTOP-PDE981F/127.0.0.1, DESKTOP-PDE981F/192.168.43.208, /2409:4070:69b:bc69:61ee:2e67:24ed:9af6, /2409:4070:69b:bc69:b478:2885:5de4:b9d6]
>>> Local ports: TCP:10800 TCP:11211 TCP:47100 UDP:47400 TCP:47500 

[14:32:16,176][INFO][main][GridDiscoveryManager] Topology snapshot [ver=1, locNode=d00a1deb, servers=1, clients=0, state=ACTIVE, CPUs=12, offheap=3.2GB, heap=3.5GB]
[14:32:16,176][INFO][main][GridDiscoveryManager]   ^-- Baseline [id=0, size=1, online=1, offline=0]
[14:32:16,181][INFO][main][G] Node started : [stage="Configure system pool" (110 ms),stage="Start managers" (1060 ms),stage="Configure binary metadata" (18 ms),stage="Start processors" (627 ms),stage="Init metastore" (1439 ms),stage="Finish recovery" (0 ms),stage="Join topology" (4243 ms),stage="Await transition" (56 ms),stage="Await exchange" (530 ms),stage="Total time" (8083 ms)]
[14:32:16,193][WARNING][main][] GC server mode is not enabled, this could lead to less than optimal performance on multi-core machines (to enable see http://msdn.microsoft.com/en-us/library/ms229357(v=vs.110).aspx).
[14:32:16,194][INFO][main][PluginProcessor] Configured .NET plugins:
[14:32:16,196][INFO][main][PluginProcessor]   ^-- None
[14:33:16,169][INFO][grid-timeout-worker-#31][IgniteKernal] 
Metrics for local node (to disable set 'metricsLogFrequency' to 0)
    ^-- Node [id=d00a1deb, uptime=00:01:00.009]
    ^-- H/N/C [hosts=1, nodes=1, CPUs=12]
    ^-- CPU [cur=0.73%, avg=0.19%, GC=0%]
    ^-- PageMemory [pages=200]
    ^-- Heap [used=35MB, free=99.02%, comm=171MB]
    ^-- Off-heap [used=0MB, free=99.98%, comm=80MB]
    ^--   sysMemPlc region [used=0MB, free=99.21%, comm=40MB]
    ^--   default region [used=0MB, free=100%, comm=0MB]
    ^--   TxLog region [used=0MB, free=100%, comm=40MB]
    ^-- Outbound messages queue [size=0]
    ^-- Public thread pool [active=0, idle=0, qSize=0]
    ^-- System thread pool [active=0, idle=6, qSize=0]
[14:33:35,270][SEVERE][tcp-disco-msg-worker-[crd]-#2][G] Blocked system-critical thread has been detected. This can lead to cluster-wide undefined behaviour [workerName=grid-timeout-worker, threadName=grid-timeout-worker-#31, blockedFor=19s]
[14:33:25,706][INFO][ignite-update-notifier-timer][GridUpdateNotifier] Update status is not available.
[14:33:49,082][WARNING][tcp-disco-msg-worker-[crd]-#2][G] Thread [name="grid-timeout-worker-#31", id=44, state=RUNNABLE, blockCnt=2, waitCnt=206]

[14:33:49,090][WARNING][tcp-disco-msg-worker-[crd]-#2][] Possible failure suppressed accordingly to a configured handler [hnd=StopNodeOrHaltFailureHandler [tryStop=false, timeout=0, super=AbstractFailureHandler [ignoredFailureTypes=UnmodifiableSet [SYSTEM_WORKER_BLOCKED, SYSTEM_CRITICAL_OPERATION_TIMEOUT]]], failureCtx=FailureContext [type=SYSTEM_WORKER_BLOCKED, err=class o.a.i.IgniteException: GridWorker [name=grid-timeout-worker, igniteInstanceName=null, finished=false, heartbeatTs=9223372036854775807]]]
class org.apache.ignite.IgniteException: GridWorker [name=grid-timeout-worker, igniteInstanceName=null, finished=false, heartbeatTs=9223372036854775807]
	at org.apache.ignite.internal.IgnitionEx$IgniteNamedInstance$2.apply(IgnitionEx.java:1803)
	at org.apache.ignite.internal.IgnitionEx$IgniteNamedInstance$2.apply(IgnitionEx.java:1798)
	at org.apache.ignite.internal.worker.WorkersRegistry.onIdle(WorkersRegistry.java:234)
	at org.apache.ignite.internal.util.worker.GridWorker.onIdle(GridWorker.java:297)
	at org.apache.ignite.spi.discovery.tcp.ServerImpl$RingMessageWorker.lambda$new$0(ServerImpl.java:2858)
	at org.apache.ignite.spi.discovery.tcp.ServerImpl$MessageWorker.body(ServerImpl.java:7759)
	at org.apache.ignite.spi.discovery.tcp.ServerImpl$RingMessageWorker.body(ServerImpl.java:2946)
	at org.apache.ignite.internal.util.worker.GridWorker.run(GridWorker.java:120)
	at org.apache.ignite.spi.discovery.tcp.ServerImpl$MessageWorkerThread.body(ServerImpl.java:7697)
	at org.apache.ignite.spi.IgniteSpiThread.run(IgniteSpiThread.java:61)
[14:33:49,113][WARNING][tcp-disco-msg-worker-[crd]-#2][CacheDiagnosticManager] Page locks dump:

Thread=[name=exchange-worker-#53, id=84], state=TIMED_WAITING
Locked pages = []
Locked pages log: name=exchange-worker-#53 time=(1587459829106, 2020-04-21 14:33:49.106)



[14:33:49,169][INFO][exchange-worker-#53][time] Started exchange init [topVer=AffinityTopologyVersion [topVer=1, minorTopVer=1], crd=true, evt=DISCOVERY_CUSTOM_EVT, evtNode=d00a1deb-82ef-4770-9959-7598bf8431ad, customEvt=DynamicCacheChangeBatch [id=60e19fb9171-a3ee4930-c1af-458e-a9b5-a9b14fe6b53e, reqs=ArrayList [DynamicCacheChangeRequest [cacheName=persons, hasCfg=true, nodeId=d00a1deb-82ef-4770-9959-7598bf8431ad, clientStartOnly=false, stop=false, destroy=false, disabledAfterStartfalse]], exchangeActions=ExchangeActions [startCaches=[persons], stopCaches=null, startGrps=[persons], stopGrps=[], resetParts=null, stateChangeRequest=null], startCaches=false], allowMerge=false, exchangeFreeSwitch=false]
[14:33:49,382][INFO][exchange-worker-#53][GridCacheProcessor] Started cache [name=persons, id=-678441026, dataRegionName=default, mode=PARTITIONED, atomicity=ATOMIC, backups=0, mvcc=false]
[14:33:49,412][INFO][exchange-worker-#53][GridDhtPartitionsExchangeFuture] Finished waiting for partition release future [topVer=AffinityTopologyVersion [topVer=1, minorTopVer=1], waitTime=0ms, futInfo=NA, mode=DISTRIBUTED]
[14:33:49,417][INFO][exchange-worker-#53][GridDhtPartitionsExchangeFuture] Finished waiting for partitions release latch: ServerLatch [permits=0, pendingAcks=HashSet [], super=CompletableLatch [id=CompletableLatchUid [id=exchange, topVer=AffinityTopologyVersion [topVer=1, minorTopVer=1]]]]
[14:33:49,419][INFO][exchange-worker-#53][GridDhtPartitionsExchangeFuture] Finished waiting for partition release future [topVer=AffinityTopologyVersion [topVer=1, minorTopVer=1], waitTime=0ms, futInfo=NA, mode=LOCAL]
[14:33:49,595][INFO][exchange-worker-#53][GridDhtPartitionsExchangeFuture] finishExchangeOnCoordinator [topVer=AffinityTopologyVersion [topVer=1, minorTopVer=1], resVer=AffinityTopologyVersion [topVer=1, minorTopVer=1]]
[14:33:49,618][INFO][exchange-worker-#53][GridDhtPartitionsExchangeFuture] Finish exchange future [startVer=AffinityTopologyVersion [topVer=1, minorTopVer=1], resVer=AffinityTopologyVersion [topVer=1, minorTopVer=1], err=null, rebalanced=true, wasRebalanced=true]
[14:33:49,626][INFO][exchange-worker-#53][GridCacheProcessor] Finish proxy initialization, cacheName=persons, localNodeId=d00a1deb-82ef-4770-9959-7598bf8431ad
[14:33:49,627][INFO][exchange-worker-#53][GridDhtPartitionsExchangeFuture] Completed partition exchange [localNode=d00a1deb-82ef-4770-9959-7598bf8431ad, exchange=GridDhtPartitionsExchangeFuture [topVer=AffinityTopologyVersion [topVer=1, minorTopVer=1], evt=DISCOVERY_CUSTOM_EVT, evtNode=TcpDiscoveryNode [id=d00a1deb-82ef-4770-9959-7598bf8431ad, consistentId=0:0:0:0:0:0:0:1,127.0.0.1,192.168.43.208,2409:4070:69b:bc69:61ee:2e67:24ed:9af6,2409:4070:69b:bc69:b478:2885:5de4:b9d6:47500, addrs=ArrayList [0:0:0:0:0:0:0:1, 127.0.0.1, 192.168.43.208, 2409:4070:69b:bc69:61ee:2e67:24ed:9af6, 2409:4070:69b:bc69:b478:2885:5de4:b9d6], sockAddrs=HashSet [/2409:4070:69b:bc69:b478:2885:5de4:b9d6:47500, DESKTOP-PDE981F/192.168.43.208:47500, /0:0:0:0:0:0:0:1:47500, /127.0.0.1:47500, /2409:4070:69b:bc69:61ee:2e67:24ed:9af6:47500], discPort=47500, order=1, intOrder=1, lastExchangeTime=1587459731367, loc=true, ver=2.8.0#20200226-sha1:341b01df, isClient=false], done=true, newCrdFut=null], topVer=AffinityTopologyVersion [topVer=1, minorTopVer=1]]
[14:33:49,636][INFO][exchange-worker-#53][GridDhtPartitionsExchangeFuture] Exchange timings [startVer=AffinityTopologyVersion [topVer=1, minorTopVer=1], resVer=AffinityTopologyVersion [topVer=1, minorTopVer=1], stage="Waiting in exchange queue" (0 ms), stage="Exchange parameters initialization" (8 ms), stage="Update caches registry" (4 ms), stage="Start caches" (207 ms), stage="Affinity initialization on cache group start" (16 ms), stage="Determine exchange type" (0 ms), stage="Preloading notification" (0 ms), stage="WAL history reservation" (0 ms), stage="Wait partitions release" (11 ms), stage="Wait partitions release latch" (4 ms), stage="Wait partitions release" (0 ms), stage="After states restored callback" (174 ms), stage="Waiting for all single messages" (0 ms), stage="Affinity recalculation (crd)" (0 ms), stage="Collect update counters and create affinity messages" (0 ms), stage="Validate partitions states" (3 ms), stage="Assign partitions states" (1 ms), stage="Apply update counters" (2 ms), stage="Full message preparing" (13 ms), stage="Full message sending" (0 ms), stage="Exchange done" (16 ms), stage="Total time" (459 ms)]
[14:33:49,645][INFO][exchange-worker-#53][GridDhtPartitionsExchangeFuture] Exchange longest local stages [startVer=AffinityTopologyVersion [topVer=1, minorTopVer=1], resVer=AffinityTopologyVersion [topVer=1, minorTopVer=1], stage="Affinity initialization on cache group start [grp=persons]" (16 ms) (parent=Affinity initialization on cache group start)]
[14:33:49,648][INFO][exchange-worker-#53][time] Finished exchange init [topVer=AffinityTopologyVersion [topVer=1, minorTopVer=1], crd=true]
[14:33:49,660][INFO][exchange-worker-#53][GridCachePartitionExchangeManager] Skipping rebalancing (nothing scheduled) [top=AffinityTopologyVersion [topVer=1, minorTopVer=1], force=false, evt=DISCOVERY_CUSTOM_EVT, node=d00a1deb-82ef-4770-9959-7598bf8431ad]
[14:33:49,702][INFO][exchange-worker-#53][time] Started exchange init [topVer=AffinityTopologyVersion [topVer=1, minorTopVer=2], crd=true, evt=DISCOVERY_CUSTOM_EVT, evtNode=d00a1deb-82ef-4770-9959-7598bf8431ad, customEvt=DynamicCacheChangeBatch [id=c0e19fb9171-a3ee4930-c1af-458e-a9b5-a9b14fe6b53e, reqs=ArrayList [DynamicCacheChangeRequest [cacheName=orgs, hasCfg=true, nodeId=d00a1deb-82ef-4770-9959-7598bf8431ad, clientStartOnly=false, stop=false, destroy=false, disabledAfterStartfalse]], exchangeActions=ExchangeActions [startCaches=[orgs], stopCaches=null, startGrps=[orgs], stopGrps=[], resetParts=null, stateChangeRequest=null], startCaches=false], allowMerge=false, exchangeFreeSwitch=false]
[14:33:49,719][INFO][exchange-worker-#53][GridCacheProcessor] Started cache [name=orgs, id=3419663, dataRegionName=default, mode=PARTITIONED, atomicity=ATOMIC, backups=0, mvcc=false]
[14:33:49,725][INFO][exchange-worker-#53][GridDhtPartitionsExchangeFuture] Finished waiting for partition release future [topVer=AffinityTopologyVersion [topVer=1, minorTopVer=2], waitTime=0ms, futInfo=NA, mode=DISTRIBUTED]
[14:33:49,726][INFO][exchange-worker-#53][GridDhtPartitionsExchangeFuture] Finished waiting for partitions release latch: ServerLatch [permits=0, pendingAcks=HashSet [], super=CompletableLatch [id=CompletableLatchUid [id=exchange, topVer=AffinityTopologyVersion [topVer=1, minorTopVer=2]]]]
[14:33:49,731][INFO][exchange-worker-#53][GridDhtPartitionsExchangeFuture] Finished waiting for partition release future [topVer=AffinityTopologyVersion [topVer=1, minorTopVer=2], waitTime=0ms, futInfo=NA, mode=LOCAL]
[14:33:49,795][INFO][exchange-worker-#53][GridDhtPartitionsExchangeFuture] finishExchangeOnCoordinator [topVer=AffinityTopologyVersion [topVer=1, minorTopVer=2], resVer=AffinityTopologyVersion [topVer=1, minorTopVer=2]]
[14:33:49,814][INFO][exchange-worker-#53][GridDhtPartitionsExchangeFuture] Finish exchange future [startVer=AffinityTopologyVersion [topVer=1, minorTopVer=2], resVer=AffinityTopologyVersion [topVer=1, minorTopVer=2], err=null, rebalanced=true, wasRebalanced=true]
[14:33:49,823][INFO][exchange-worker-#53][GridCacheProcessor] Finish proxy initialization, cacheName=orgs, localNodeId=d00a1deb-82ef-4770-9959-7598bf8431ad
[14:33:49,823][INFO][exchange-worker-#53][GridDhtPartitionsExchangeFuture] Completed partition exchange [localNode=d00a1deb-82ef-4770-9959-7598bf8431ad, exchange=GridDhtPartitionsExchangeFuture [topVer=AffinityTopologyVersion [topVer=1, minorTopVer=2], evt=DISCOVERY_CUSTOM_EVT, evtNode=TcpDiscoveryNode [id=d00a1deb-82ef-4770-9959-7598bf8431ad, consistentId=0:0:0:0:0:0:0:1,127.0.0.1,192.168.43.208,2409:4070:69b:bc69:61ee:2e67:24ed:9af6,2409:4070:69b:bc69:b478:2885:5de4:b9d6:47500, addrs=ArrayList [0:0:0:0:0:0:0:1, 127.0.0.1, 192.168.43.208, 2409:4070:69b:bc69:61ee:2e67:24ed:9af6, 2409:4070:69b:bc69:b478:2885:5de4:b9d6], sockAddrs=HashSet [/2409:4070:69b:bc69:b478:2885:5de4:b9d6:47500, DESKTOP-PDE981F/192.168.43.208:47500, /0:0:0:0:0:0:0:1:47500, /127.0.0.1:47500, /2409:4070:69b:bc69:61ee:2e67:24ed:9af6:47500], discPort=47500, order=1, intOrder=1, lastExchangeTime=1587459731367, loc=true, ver=2.8.0#20200226-sha1:341b01df, isClient=false], done=true, newCrdFut=null], topVer=AffinityTopologyVersion [topVer=1, minorTopVer=2]]
[14:33:49,834][INFO][exchange-worker-#53][GridDhtPartitionsExchangeFuture] Exchange timings [startVer=AffinityTopologyVersion [topVer=1, minorTopVer=2], resVer=AffinityTopologyVersion [topVer=1, minorTopVer=2], stage="Waiting in exchange queue" (0 ms), stage="Exchange parameters initialization" (9 ms), stage="Update caches registry" (0 ms), stage="Start caches" (9 ms), stage="Affinity initialization on cache group start" (3 ms), stage="Determine exchange type" (0 ms), stage="Preloading notification" (0 ms), stage="WAL history reservation" (0 ms), stage="Wait partitions release" (1 ms), stage="Wait partitions release latch" (4 ms), stage="Wait partitions release" (1 ms), stage="After states restored callback" (63 ms), stage="Waiting for all single messages" (0 ms), stage="Affinity recalculation (crd)" (0 ms), stage="Collect update counters and create affinity messages" (0 ms), stage="Validate partitions states" (3 ms), stage="Assign partitions states" (1 ms), stage="Apply update counters" (2 ms), stage="Full message preparing" (10 ms), stage="Full message sending" (0 ms), stage="Exchange done" (18 ms), stage="Total time" (124 ms)]
[14:33:49,838][INFO][exchange-worker-#53][GridDhtPartitionsExchangeFuture] Exchange longest local stages [startVer=AffinityTopologyVersion [topVer=1, minorTopVer=2], resVer=AffinityTopologyVersion [topVer=1, minorTopVer=2], stage="Affinity initialization on cache group start [grp=orgs]" (3 ms) (parent=Affinity initialization on cache group start)]
[14:33:49,843][INFO][exchange-worker-#53][time] Finished exchange init [topVer=AffinityTopologyVersion [topVer=1, minorTopVer=2], crd=true]
[14:33:49,850][INFO][exchange-worker-#53][GridCachePartitionExchangeManager] Skipping rebalancing (nothing scheduled) [top=AffinityTopologyVersion [topVer=1, minorTopVer=2], force=false, evt=DISCOVERY_CUSTOM_EVT, node=d00a1deb-82ef-4770-9959-7598bf8431ad]
