[11:29:20,017][WARNING][main][G] Ignite work directory is not provided, automatically resolved to: C:\Users\jagad\source\repos\ApacheIgnite\ApacheIgnite\bin\Debug\netcoreapp3.1\ignite\work
[11:29:20,240][INFO][main][IgniteKernal] 

>>>    __________  ________________  
>>>   /  _/ ___/ |/ /  _/_  __/ __/  
>>>  _/ // (7 7    // /  / / / _/    
>>> /___/\___/_/|_/___/ /_/ /___/   
>>> 
>>> ver. 2.8.0#20200226-sha1:341b01df
>>> 2020 Copyright(C) Apache Software Foundation
>>> 
>>> Ignite documentation: http://ignite.apache.org

[11:29:20,243][INFO][main][IgniteKernal] Config URL: n/a
[11:29:20,258][INFO][main][IgniteKernal] IgniteConfiguration [igniteInstanceName=null, pubPoolSize=12, svcPoolSize=12, callbackPoolSize=12, stripedPoolSize=12, sysPoolSize=12, mgmtPoolSize=4, igfsPoolSize=12, dataStreamerPoolSize=12, utilityCachePoolSize=12, utilityCacheKeepAliveTime=60000, p2pPoolSize=2, qryPoolSize=12, sqlQryHistSize=1000, dfltQryTimeout=0, igniteHome=null, igniteWorkDir=C:\Users\jagad\source\repos\ApacheIgnite\ApacheIgnite\bin\Debug\netcoreapp3.1\ignite\work, mbeanSrv=com.sun.jmx.mbeanserver.JmxMBeanServer@3b088d51, nodeId=b9eae4f8-0421-4404-a180-2486e9293656, marsh=BinaryMarshaller [], marshLocJobs=false, daemon=false, p2pEnabled=false, netTimeout=5000, netCompressionLevel=1, sndRetryDelay=1000, sndRetryCnt=3, metricsHistSize=10000, metricsUpdateFreq=2000, metricsExpTime=9223372036854775807, discoSpi=TcpDiscoverySpi [addrRslvr=null, sockTimeout=0, ackTimeout=0, marsh=null, reconCnt=10, reconDelay=2000, maxAckTimeout=600000, soLinger=5, forceSrvMode=false, clientReconnectDisabled=false, internalLsnr=null, skipAddrsRandomization=false], segPlc=STOP, segResolveAttempts=2, waitForSegOnStart=true, allResolversPassReq=true, segChkFreq=10000, commSpi=TcpCommunicationSpi [connectGate=null, connPlc=org.apache.ignite.spi.communication.tcp.TcpCommunicationSpi$FirstConnectionPolicy@f8c1ddd, chConnPlc=null, enableForcibleNodeKill=false, enableTroubleshootingLog=false, locAddr=null, locHost=null, locPort=47100, locPortRange=100, shmemPort=-1, directBuf=true, directSndBuf=false, idleConnTimeout=600000, connTimeout=5000, maxConnTimeout=600000, reconCnt=10, sockSndBuf=32768, sockRcvBuf=32768, msgQueueLimit=0, slowClientQueueLimit=0, nioSrvr=null, shmemSrv=null, usePairedConnections=false, connectionsPerNode=1, tcpNoDelay=true, filterReachableAddresses=false, ackSndThreshold=32, unackedMsgsBufSize=0, sockWriteTimeout=2000, boundTcpPort=-1, boundTcpShmemPort=-1, selectorsCnt=6, selectorSpins=0, addrRslvr=null, ctxInitLatch=java.util.concurrent.CountDownLatch@70be0a2b[Count = 1], stopping=false, metricsLsnr=null], evtSpi=org.apache.ignite.spi.eventstorage.NoopEventStorageSpi@2133814f, colSpi=NoopCollisionSpi [], deploySpi=LocalDeploymentSpi [], indexingSpi=org.apache.ignite.spi.indexing.noop.NoopIndexingSpi@60704c, addrRslvr=null, encryptionSpi=org.apache.ignite.spi.encryption.noop.NoopEncryptionSpi@6b19b79, clientMode=false, rebalanceThreadPoolSize=4, rebalanceTimeout=10000, rebalanceBatchesPrefetchCnt=3, rebalanceThrottle=0, rebalanceBatchSize=524288, txCfg=TransactionConfiguration [txSerEnabled=false, dfltIsolation=REPEATABLE_READ, dfltConcurrency=PESSIMISTIC, dfltTxTimeout=0, txTimeoutOnPartitionMapExchange=0, deadlockTimeout=10000, pessimisticTxLogSize=0, pessimisticTxLogLinger=10000, tmLookupClsName=null, txManagerFactory=null, useJtaSync=false], cacheSanityCheckEnabled=true, discoStartupDelay=60000, deployMode=SHARED, p2pMissedCacheSize=100, locHost=null, timeSrvPortBase=31100, timeSrvPortRange=100, failureDetectionTimeout=10000, sysWorkerBlockedTimeout=null, clientFailureDetectionTimeout=30000, metricsLogFreq=60000, hadoopCfg=null, connectorCfg=ConnectorConfiguration [jettyPath=null, host=null, port=11211, noDelay=true, directBuf=false, sndBufSize=32768, rcvBufSize=32768, idleQryCurTimeout=600000, idleQryCurCheckFreq=60000, sndQueueLimit=0, selectorCnt=4, idleTimeout=7000, sslEnabled=false, sslClientAuth=false, sslCtxFactory=null, sslFactory=null, portRange=100, threadPoolSize=12, msgInterceptor=null], odbcCfg=null, warmupClos=null, atomicCfg=AtomicConfiguration [seqReserveSize=1000, cacheMode=PARTITIONED, backups=1, aff=null, grpName=null], classLdr=null, sslCtxFactory=null, platformCfg=PlatformDotNetConfiguration [binaryCfg=null], binaryCfg=BinaryConfiguration [idMapper=null, nameMapper=null, serializer=null, compactFooter=true], memCfg=null, pstCfg=null, dsCfg=DataStorageConfiguration [sysRegionInitSize=41943040, sysRegionMaxSize=104857600, pageSize=0, concLvl=0, dfltDataRegConf=DataRegionConfiguration [name=default, maxSize=3401800908, initSize=268435456, swapPath=null, pageEvictionMode=DISABLED, evictionThreshold=0.9, emptyPagesPoolSize=100, metricsEnabled=false, metricsSubIntervalCount=5, metricsRateTimeInterval=60000, persistenceEnabled=false, checkpointPageBufSize=0, lazyMemoryAllocation=true], dataRegions=null, storagePath=null, checkpointFreq=180000, lockWaitTime=10000, checkpointThreads=4, checkpointWriteOrder=SEQUENTIAL, walHistSize=20, maxWalArchiveSize=1073741824, walSegments=10, walSegmentSize=67108864, walPath=db/wal, walArchivePath=db/wal/archive, metricsEnabled=false, walMode=LOG_ONLY, walTlbSize=131072, walBuffSize=0, walFlushFreq=2000, walFsyncDelay=1000, walRecordIterBuffSize=67108864, alwaysWriteFullPages=false, fileIOFactory=org.apache.ignite.internal.processors.cache.persistence.file.AsyncFileIOFactory@65d6b83b, metricsSubIntervalCnt=5, metricsRateTimeInterval=60000, walAutoArchiveAfterInactivity=-1, writeThrottlingEnabled=false, walCompactionEnabled=false, walCompactionLevel=1, checkpointReadLockTimeout=null, walPageCompression=DISABLED, walPageCompressionLevel=null], activeOnStart=true, autoActivation=true, longQryWarnTimeout=3000, sqlConnCfg=null, cliConnCfg=ClientConnectorConfiguration [host=null, port=10800, portRange=100, sockSndBufSize=0, sockRcvBufSize=0, tcpNoDelay=true, maxOpenCursorsPerConn=128, threadPoolSize=12, idleTimeout=0, handshakeTimeout=10000, jdbcEnabled=true, odbcEnabled=true, thinCliEnabled=true, sslEnabled=false, useIgniteSslCtxFactory=true, sslClientAuth=false, sslCtxFactory=null, thinCliCfg=ThinClientConfiguration [maxActiveTxPerConn=100]], mvccVacuumThreadCnt=2, mvccVacuumFreq=5000, authEnabled=false, failureHnd=null, commFailureRslvr=null]
[11:29:20,266][INFO][main][IgniteKernal] Daemon mode: off
[11:29:20,266][INFO][main][IgniteKernal] OS: Windows 10 10.0 amd64
[11:29:20,266][INFO][main][IgniteKernal] OS user: jagadeesh
[11:29:20,272][INFO][main][IgniteKernal] PID: 16076
[11:29:20,274][INFO][main][IgniteKernal] Language runtime: Java Platform API Specification ver. 1.8
[11:29:20,274][INFO][main][IgniteKernal] VM information: Java(TM) SE Runtime Environment 1.8.0_141-b15 Oracle Corporation Java HotSpot(TM) 64-Bit Server VM 25.141-b15
[11:29:20,275][INFO][main][IgniteKernal] VM total memory: 3.5GB
[11:29:20,275][INFO][main][IgniteKernal] Remote Management [restart: off, REST: on, JMX (remote: off)]
[11:29:20,275][INFO][main][IgniteKernal] Logger: JavaLogger [quiet=false, config=null]
[11:29:20,276][INFO][main][IgniteKernal] IGNITE_HOME=null
[11:29:20,276][INFO][main][IgniteKernal] VM arguments: [-Dfile.encoding=UTF-8, -Djava.util.logging.config.file=C:\Users\jagad\source\repos\ApacheIgnite\ApacheIgnite\bin\Debug\netcoreapp3.1\config\java.util.logging.properties]
[11:29:20,276][INFO][main][IgniteKernal] System cache's DataRegion size is configured to 40 MB. Use DataStorageConfiguration.systemRegionInitialSize property to change the setting.
[11:29:20,277][INFO][main][IgniteKernal] Configured caches [in 'sysMemPlc' dataRegion: ['ignite-sys-cache']]
[11:29:20,277][WARNING][main][IgniteKernal] Please set system property '-Djava.net.preferIPv4Stack=true' to avoid possible problems in mixed environments.
[11:29:20,279][WARNING][pub-#27][GridDiagnostic] This operating system has been tested less rigorously: Windows 10 10.0 amd64. Our team will appreciate the feedback if you experience any problems running ignite in this environment.
[11:29:20,287][WARNING][pub-#30][GridDiagnostic] Initial heap size is 254MB (should be no less than 512MB, use -Xms512m -Xmx512m).
[11:29:20,373][INFO][main][IgnitePluginProcessor] Configured plugins:
[11:29:20,373][INFO][main][IgnitePluginProcessor]   ^-- None
[11:29:20,374][INFO][main][IgnitePluginProcessor] 
[11:29:20,384][INFO][main][FailureProcessor] Configured failure handler: [hnd=StopNodeOrHaltFailureHandler [tryStop=false, timeout=0, super=AbstractFailureHandler [ignoredFailureTypes=UnmodifiableSet [SYSTEM_WORKER_BLOCKED, SYSTEM_CRITICAL_OPERATION_TIMEOUT]]]]
[11:29:20,457][INFO][main][TcpCommunicationSpi] Successfully bound communication NIO server to TCP port [port=47100, locHost=0.0.0.0/0.0.0.0, selectorsCnt=6, selectorSpins=0, pairedConn=false]
[11:29:20,582][WARNING][main][TcpCommunicationSpi] Message queue limit is set to 0 which may lead to potential OOMEs when running cache operations in FULL_ASYNC or PRIMARY_SYNC modes due to message queues growth on sender and receiver sides.
[11:29:20,601][WARNING][main][NoopCheckpointSpi] Checkpoints are disabled (to enable configure any GridCheckpointSpi implementation)
[11:29:20,623][WARNING][main][GridCollisionManager] Collision resolution is disabled (all jobs will be activated upon arrival).
[11:29:20,628][INFO][main][IgniteKernal] Security status [authentication=off, tls/ssl=off]
[11:29:20,795][INFO][main][TcpDiscoverySpi] Successfully bound to TCP port [port=47500, localHost=0.0.0.0/0.0.0.0, locNodeId=b9eae4f8-0421-4404-a180-2486e9293656]
[11:29:20,827][WARNING][main][IgniteCacheDatabaseSharedManager] DataRegionConfiguration.maxWalArchiveSize instead DataRegionConfiguration.walHistorySize would be used for removing old archive wal files
[11:29:20,840][INFO][main][IgniteCacheDatabaseSharedManager] Configured data regions initialized successfully [total=3]
[11:29:20,855][INFO][main][PartitionsEvictManager] Evict partition permits=3
[11:29:20,940][WARNING][main][IgniteH2Indexing] Serialization of Java objects in H2 was enabled.
[11:29:21,073][INFO][main][ClientListenerProcessor] Client connector processor has started on TCP port 10800
[11:29:21,131][INFO][main][GridTcpRestProtocol] Command protocol successfully started [name=TCP binary, host=0.0.0.0/0.0.0.0, port=11211]
[11:29:21,156][WARNING][main][PlatformProcessorImpl] Marshaller is automatically set to o.a.i.i.binary.BinaryMarshaller (other nodes must have the same marshaller type).
[11:29:21,601][INFO][main][IgniteKernal] Non-loopback local IPs: 192.168.43.208, 2409:4070:69b:bc69:b478:2885:5de4:b9d6, 2409:4070:69b:bc69:d482:68c3:3841:5ed1, fe80:0:0:0:68d9:8bf6:f227:3fc8%wlan2, fe80:0:0:0:85be:9152:52bb:46e1%eth1, fe80:0:0:0:95bb:de70:b07d:2cfa%wlan1, fe80:0:0:0:b478:2885:5de4:b9d6%wlan0
[11:29:21,603][INFO][main][IgniteKernal] Enabled local MACs: 9828A647FEC5, A0510BCF9E50, A0510BCF9E51, A2510BCF9E50
[11:29:21,637][INFO][main][TcpDiscoverySpi] Connection check threshold is calculated: 10000
[11:29:21,640][WARNING][main][TcpDiscoveryMulticastIpFinder] TcpDiscoveryMulticastIpFinder has no pre-configured addresses (it is recommended in production to specify at least one address in TcpDiscoveryMulticastIpFinder.getAddresses() configuration property)
[11:29:23,937][INFO][disco-notifier-worker-#51][GridClusterStateProcessor] Received activate request with BaselineTopology[id=0]
[11:29:23,943][INFO][disco-notifier-worker-#51][GridClusterStateProcessor] Started state transition: true
[11:29:23,944][INFO][disco-notifier-worker-#51][GridClusterStateProcessor] Received state change finish message: true
[11:29:23,946][INFO][disco-notifier-worker-#51][MvccProcessorImpl] Assigned mvcc coordinator [crd=MvccCoordinator [topVer=AffinityTopologyVersion [topVer=1, minorTopVer=0], nodeId=b9eae4f8-0421-4404-a180-2486e9293656, ver=1587362363916, local=true, initialized=false]]
[11:29:23,970][INFO][disco-notifier-worker-#51][DistributedBaselineConfiguration] Baseline parameter 'baselineAutoAdjustEnabled' was changed from 'null' to 'true'
[11:29:23,973][INFO][disco-notifier-worker-#51][DistributedBaselineConfiguration] Baseline parameter 'baselineAutoAdjustTimeout' was changed from 'null' to '0'
[11:29:23,988][INFO][exchange-worker-#53][time] Started exchange init [topVer=AffinityTopologyVersion [topVer=1, minorTopVer=0], crd=true, evt=NODE_JOINED, evtNode=b9eae4f8-0421-4404-a180-2486e9293656, customEvt=null, allowMerge=false, exchangeFreeSwitch=false]
[11:29:24,006][INFO][exchange-worker-#53][IgniteCacheDatabaseSharedManager] Configured data regions started successfully [total=3]
[11:29:24,006][INFO][exchange-worker-#53][msg] Components activation performed in 14 ms.
[11:29:24,089][INFO][exchange-worker-#53][GridCacheProcessor] Started cache [name=ignite-sys-cache, id=-2100569601, dataRegionName=sysMemPlc, mode=REPLICATED, atomicity=TRANSACTIONAL, backups=2147483647, mvcc=false]
[11:29:24,089][INFO][exchange-worker-#53][GridCacheProcessor] Starting caches on local join performed in 75 ms.
[11:29:24,100][INFO][exchange-worker-#53][GridDhtPartitionsExchangeFuture] Skipped waiting for partitions release future (local node is joining) [topVer=AffinityTopologyVersion [topVer=1, minorTopVer=0]]
[11:29:24,137][INFO][exchange-worker-#53][GridDhtPartitionsExchangeFuture] finishExchangeOnCoordinator [topVer=AffinityTopologyVersion [topVer=1, minorTopVer=0], resVer=AffinityTopologyVersion [topVer=1, minorTopVer=0]]
[11:29:24,148][INFO][exchange-worker-#53][GridDhtPartitionsExchangeFuture] Finish exchange future [startVer=AffinityTopologyVersion [topVer=1, minorTopVer=0], resVer=AffinityTopologyVersion [topVer=1, minorTopVer=0], err=null, rebalanced=true, wasRebalanced=false]
[11:29:24,153][INFO][exchange-worker-#53][GridCacheProcessor] Finish proxy initialization, cacheName=ignite-sys-cache, localNodeId=b9eae4f8-0421-4404-a180-2486e9293656
[11:29:24,153][INFO][exchange-worker-#53][GridDhtPartitionsExchangeFuture] Completed partition exchange [localNode=b9eae4f8-0421-4404-a180-2486e9293656, exchange=GridDhtPartitionsExchangeFuture [topVer=AffinityTopologyVersion [topVer=1, minorTopVer=0], evt=NODE_JOINED, evtNode=TcpDiscoveryNode [id=b9eae4f8-0421-4404-a180-2486e9293656, consistentId=0:0:0:0:0:0:0:1,127.0.0.1,192.168.43.208,2409:4070:69b:bc69:b478:2885:5de4:b9d6,2409:4070:69b:bc69:d482:68c3:3841:5ed1:47500, addrs=ArrayList [0:0:0:0:0:0:0:1, 127.0.0.1, 192.168.43.208, 2409:4070:69b:bc69:b478:2885:5de4:b9d6, 2409:4070:69b:bc69:d482:68c3:3841:5ed1], sockAddrs=HashSet [/2409:4070:69b:bc69:b478:2885:5de4:b9d6:47500, /2409:4070:69b:bc69:d482:68c3:3841:5ed1:47500, DESKTOP-PDE981F/192.168.43.208:47500, /0:0:0:0:0:0:0:1:47500, /127.0.0.1:47500], discPort=47500, order=1, intOrder=1, lastExchangeTime=1587362361636, loc=true, ver=2.8.0#20200226-sha1:341b01df, isClient=false], done=true, newCrdFut=null], topVer=AffinityTopologyVersion [topVer=1, minorTopVer=0]]
[11:29:24,155][INFO][exchange-worker-#53][GridDhtPartitionsExchangeFuture] Exchange timings [startVer=AffinityTopologyVersion [topVer=1, minorTopVer=0], resVer=AffinityTopologyVersion [topVer=1, minorTopVer=0], stage="Waiting in exchange queue" (31 ms), stage="Exchange parameters initialization" (5 ms), stage="Components activation" (13 ms), stage="Determine exchange type" (93 ms), stage="Preloading notification" (0 ms), stage="WAL history reservation" (0 ms), stage="After states restored callback" (36 ms), stage="Waiting for all single messages" (0 ms), stage="Affinity recalculation (crd)" (0 ms), stage="Collect update counters and create affinity messages" (0 ms), stage="Validate partitions states" (1 ms), stage="Assign partitions states" (0 ms), stage="Apply update counters" (0 ms), stage="Full message preparing" (7 ms), stage="Full message sending" (0 ms), stage="State finish message sending" (0 ms), stage="Exchange done" (7 ms), stage="Total time" (193 ms)]
[11:29:24,158][INFO][exchange-worker-#53][GridDhtPartitionsExchangeFuture] Exchange longest local stages [startVer=AffinityTopologyVersion [topVer=1, minorTopVer=0], resVer=AffinityTopologyVersion [topVer=1, minorTopVer=0], stage="Coordinator affinity cache init [grp=ignite-sys-cache]" (87 ms) (parent=Determine exchange type), stage="First node affinity initialization (node join) [grp=ignite-sys-cache]" (3 ms) (parent=Determine exchange type)]
[11:29:24,158][INFO][exchange-worker-#53][time] Finished exchange init [topVer=AffinityTopologyVersion [topVer=1, minorTopVer=0], crd=true]
[11:29:24,162][INFO][exchange-worker-#53][GridCachePartitionExchangeManager] Skipping rebalancing (nothing scheduled) [top=AffinityTopologyVersion [topVer=1, minorTopVer=0], force=false, evt=NODE_JOINED, node=b9eae4f8-0421-4404-a180-2486e9293656]
[11:29:24,192][INFO][main][IgniteKernal] Performance suggestions for grid  (fix if possible)
[11:29:24,192][INFO][main][IgniteKernal] To disable, set -DIGNITE_PERFORMANCE_SUGGESTIONS_DISABLED=true
[11:29:24,193][INFO][main][IgniteKernal]   ^-- Enable G1 Garbage Collector (add '-XX:+UseG1GC' to JVM options)
[11:29:24,195][INFO][main][IgniteKernal]   ^-- Specify JVM heap max size (add '-Xmx<size>[g|G|m|M|k|K]' to JVM options)
[11:29:24,195][INFO][main][IgniteKernal]   ^-- Set max direct memory size if getting 'OOME: Direct buffer memory' (add '-XX:MaxDirectMemorySize=<size>[g|G|m|M|k|K]' to JVM options)
[11:29:24,195][INFO][main][IgniteKernal]   ^-- Disable processing of calls to System.gc() (add '-XX:+DisableExplicitGC' to JVM options)
[11:29:24,196][INFO][main][IgniteKernal] Refer to this page for more performance suggestions: https://apacheignite.readme.io/docs/jvm-and-system-tuning
[11:29:24,196][INFO][main][IgniteKernal] 
[11:29:24,196][INFO][main][IgniteKernal] To start Console Management & Monitoring run ignitevisorcmd.{sh|bat}
[11:29:24,197][INFO][main][IgniteKernal] Data Regions Configured:
[11:29:24,198][INFO][main][IgniteKernal]   ^-- default [initSize=256.0 MiB, maxSize=3.2 GiB, persistence=false, lazyMemoryAllocation=true]
[11:29:24,199][INFO][main][IgniteKernal] 

>>> +----------------------------------------------------------------------+
>>> Ignite ver. 2.8.0#20200226-sha1:341b01dfd8abf2d9b01d468ad1bb26dfe84ac4f6
>>> +----------------------------------------------------------------------+
>>> OS name: Windows 10 10.0 amd64
>>> CPU(s): 12
>>> Heap: 3.5GB
>>> VM name: 16076@DESKTOP-PDE981F
>>> Local node [ID=B9EAE4F8-0421-4404-A180-2486E9293656, order=1, clientMode=false]
>>> Local node addresses: [DESKTOP-PDE981F/0:0:0:0:0:0:0:1, DESKTOP-PDE981F/127.0.0.1, DESKTOP-PDE981F/192.168.43.208, /2409:4070:69b:bc69:b478:2885:5de4:b9d6, /2409:4070:69b:bc69:d482:68c3:3841:5ed1]
>>> Local ports: TCP:10800 TCP:11211 TCP:47100 UDP:47400 TCP:47500 

[11:29:24,200][INFO][main][GridDiscoveryManager] Topology snapshot [ver=1, locNode=b9eae4f8, servers=1, clients=0, state=ACTIVE, CPUs=12, offheap=3.2GB, heap=3.5GB]
[11:29:24,200][INFO][main][GridDiscoveryManager]   ^-- Baseline [id=0, size=1, online=1, offline=0]
[11:29:24,201][INFO][main][G] Node started : [stage="Configure system pool" (59 ms),stage="Start managers" (412 ms),stage="Configure binary metadata" (7 ms),stage="Start processors" (527 ms),stage="Init metastore" (442 ms),stage="Finish recovery" (0 ms),stage="Join topology" (2320 ms),stage="Await transition" (14 ms),stage="Await exchange" (240 ms),stage="Total time" (4021 ms)]
[11:29:24,209][WARNING][main][] GC server mode is not enabled, this could lead to less than optimal performance on multi-core machines (to enable see http://msdn.microsoft.com/en-us/library/ms229357(v=vs.110).aspx).
[11:29:24,209][INFO][main][PluginProcessor] Configured .NET plugins:
[11:29:24,210][INFO][main][PluginProcessor]   ^-- None
[11:29:24,220][INFO][exchange-worker-#53][time] Started exchange init [topVer=AffinityTopologyVersion [topVer=1, minorTopVer=1], crd=true, evt=DISCOVERY_CUSTOM_EVT, evtNode=b9eae4f8-0421-4404-a180-2486e9293656, customEvt=DynamicCacheChangeBatch [id=8b76b269171-d15f9866-69df-40a5-805f-8bf7e72bd785, reqs=ArrayList [DynamicCacheChangeRequest [cacheName=persons, hasCfg=true, nodeId=b9eae4f8-0421-4404-a180-2486e9293656, clientStartOnly=false, stop=false, destroy=false, disabledAfterStartfalse]], exchangeActions=ExchangeActions [startCaches=[persons], stopCaches=null, startGrps=[persons], stopGrps=[], resetParts=null, stateChangeRequest=null], startCaches=false], allowMerge=false, exchangeFreeSwitch=false]
[11:29:24,243][INFO][exchange-worker-#53][GridCacheProcessor] Started cache [name=persons, id=-678441026, dataRegionName=default, mode=PARTITIONED, atomicity=ATOMIC, backups=0, mvcc=false]
[11:29:24,253][INFO][exchange-worker-#53][GridDhtPartitionsExchangeFuture] Finished waiting for partition release future [topVer=AffinityTopologyVersion [topVer=1, minorTopVer=1], waitTime=0ms, futInfo=NA, mode=DISTRIBUTED]
[11:29:24,256][INFO][exchange-worker-#53][GridDhtPartitionsExchangeFuture] Finished waiting for partitions release latch: ServerLatch [permits=0, pendingAcks=HashSet [], super=CompletableLatch [id=CompletableLatchUid [id=exchange, topVer=AffinityTopologyVersion [topVer=1, minorTopVer=1]]]]
[11:29:24,256][INFO][exchange-worker-#53][GridDhtPartitionsExchangeFuture] Finished waiting for partition release future [topVer=AffinityTopologyVersion [topVer=1, minorTopVer=1], waitTime=0ms, futInfo=NA, mode=LOCAL]
[11:29:24,299][INFO][exchange-worker-#53][GridDhtPartitionsExchangeFuture] finishExchangeOnCoordinator [topVer=AffinityTopologyVersion [topVer=1, minorTopVer=1], resVer=AffinityTopologyVersion [topVer=1, minorTopVer=1]]
[11:29:24,306][INFO][exchange-worker-#53][GridDhtPartitionsExchangeFuture] Finish exchange future [startVer=AffinityTopologyVersion [topVer=1, minorTopVer=1], resVer=AffinityTopologyVersion [topVer=1, minorTopVer=1], err=null, rebalanced=true, wasRebalanced=true]
[11:29:24,308][INFO][exchange-worker-#53][GridCacheProcessor] Finish proxy initialization, cacheName=persons, localNodeId=b9eae4f8-0421-4404-a180-2486e9293656
[11:29:24,310][INFO][exchange-worker-#53][GridDhtPartitionsExchangeFuture] Completed partition exchange [localNode=b9eae4f8-0421-4404-a180-2486e9293656, exchange=GridDhtPartitionsExchangeFuture [topVer=AffinityTopologyVersion [topVer=1, minorTopVer=1], evt=DISCOVERY_CUSTOM_EVT, evtNode=TcpDiscoveryNode [id=b9eae4f8-0421-4404-a180-2486e9293656, consistentId=0:0:0:0:0:0:0:1,127.0.0.1,192.168.43.208,2409:4070:69b:bc69:b478:2885:5de4:b9d6,2409:4070:69b:bc69:d482:68c3:3841:5ed1:47500, addrs=ArrayList [0:0:0:0:0:0:0:1, 127.0.0.1, 192.168.43.208, 2409:4070:69b:bc69:b478:2885:5de4:b9d6, 2409:4070:69b:bc69:d482:68c3:3841:5ed1], sockAddrs=HashSet [/2409:4070:69b:bc69:b478:2885:5de4:b9d6:47500, /2409:4070:69b:bc69:d482:68c3:3841:5ed1:47500, DESKTOP-PDE981F/192.168.43.208:47500, /0:0:0:0:0:0:0:1:47500, /127.0.0.1:47500], discPort=47500, order=1, intOrder=1, lastExchangeTime=1587362361636, loc=true, ver=2.8.0#20200226-sha1:341b01df, isClient=false], done=true, newCrdFut=null], topVer=AffinityTopologyVersion [topVer=1, minorTopVer=1]]
[11:29:24,313][INFO][exchange-worker-#53][GridDhtPartitionsExchangeFuture] Exchange timings [startVer=AffinityTopologyVersion [topVer=1, minorTopVer=1], resVer=AffinityTopologyVersion [topVer=1, minorTopVer=1], stage="Waiting in exchange queue" (0 ms), stage="Exchange parameters initialization" (4 ms), stage="Update caches registry" (1 ms), stage="Start caches" (18 ms), stage="Affinity initialization on cache group start" (6 ms), stage="Determine exchange type" (0 ms), stage="Preloading notification" (0 ms), stage="WAL history reservation" (0 ms), stage="Wait partitions release" (3 ms), stage="Wait partitions release latch" (1 ms), stage="Wait partitions release" (1 ms), stage="After states restored callback" (41 ms), stage="Waiting for all single messages" (0 ms), stage="Affinity recalculation (crd)" (0 ms), stage="Collect update counters and create affinity messages" (0 ms), stage="Validate partitions states" (1 ms), stage="Assign partitions states" (0 ms), stage="Apply update counters" (0 ms), stage="Full message preparing" (4 ms), stage="Full message sending" (0 ms), stage="Exchange done" (6 ms), stage="Total time" (86 ms)]
[11:29:24,315][INFO][exchange-worker-#53][GridDhtPartitionsExchangeFuture] Exchange longest local stages [startVer=AffinityTopologyVersion [topVer=1, minorTopVer=1], resVer=AffinityTopologyVersion [topVer=1, minorTopVer=1], stage="Affinity initialization on cache group start [grp=persons]" (6 ms) (parent=Affinity initialization on cache group start)]
[11:29:24,316][INFO][exchange-worker-#53][time] Finished exchange init [topVer=AffinityTopologyVersion [topVer=1, minorTopVer=1], crd=true]
[11:29:24,318][INFO][exchange-worker-#53][GridCachePartitionExchangeManager] Skipping rebalancing (nothing scheduled) [top=AffinityTopologyVersion [topVer=1, minorTopVer=1], force=false, evt=DISCOVERY_CUSTOM_EVT, node=b9eae4f8-0421-4404-a180-2486e9293656]
